<?xml version="1.0" encoding="UTF-8"?>
<testsuites name="bsv-conformance" tests="1518" failures="0" errors="0" skipped="0">
  <testsuite name="auth/brc31-handshake" tests="16" failures="0" errors="0" skipped="0">
    <testcase name="auth.brc31-handshake.1" classname="auth/brc31-handshake" time="0"/>
    <testcase name="auth.brc31-handshake.2" classname="auth/brc31-handshake" time="0"/>
    <testcase name="auth.brc31-handshake.3" classname="auth/brc31-handshake" time="0"/>
    <testcase name="auth.brc31-handshake.4" classname="auth/brc31-handshake" time="0"/>
    <testcase name="auth.brc31-handshake.5" classname="auth/brc31-handshake" time="0"/>
    <testcase name="auth.brc31-handshake.6" classname="auth/brc31-handshake" time="0"/>
    <testcase name="auth.brc31-handshake.7" classname="auth/brc31-handshake" time="0"/>
    <testcase name="auth.brc31-handshake.8" classname="auth/brc31-handshake" time="0"/>
    <testcase name="auth.brc31-handshake.9" classname="auth/brc31-handshake" time="0"/>
    <testcase name="auth.brc31-handshake.10" classname="auth/brc31-handshake" time="0"/>
    <testcase name="auth.brc31-handshake.11" classname="auth/brc31-handshake" time="0"/>
    <testcase name="auth.brc31-handshake.12" classname="auth/brc31-handshake" time="0"/>
    <testcase name="auth.brc31-handshake.13" classname="auth/brc31-handshake" time="0"/>
    <testcase name="auth.brc31-handshake.14" classname="auth/brc31-handshake" time="0"/>
    <testcase name="auth.brc31-handshake.15" classname="auth/brc31-handshake" time="0"/>
    <testcase name="auth.brc31-handshake.16" classname="auth/brc31-handshake" time="0"/>
  </testsuite>
  <testsuite name="broadcast/arc-submit" tests="16" failures="0" errors="0" skipped="0">
    <testcase name="broadcast.arcsubmit.1" classname="broadcast/arc-submit" time="0"/>
    <testcase name="broadcast.arcsubmit.2" classname="broadcast/arc-submit" time="0"/>
    <testcase name="broadcast.arcsubmit.3" classname="broadcast/arc-submit" time="0"/>
    <testcase name="broadcast.arcsubmit.4" classname="broadcast/arc-submit" time="0"/>
    <testcase name="broadcast.arcsubmit.5" classname="broadcast/arc-submit" time="0"/>
    <testcase name="broadcast.arcsubmit.6" classname="broadcast/arc-submit" time="0"/>
    <testcase name="broadcast.arcsubmit.7" classname="broadcast/arc-submit" time="0"/>
    <testcase name="broadcast.arcsubmit.8" classname="broadcast/arc-submit" time="0"/>
    <testcase name="broadcast.arcsubmit.9" classname="broadcast/arc-submit" time="0"/>
    <testcase name="broadcast.arcsubmit.10" classname="broadcast/arc-submit" time="0"/>
    <testcase name="broadcast.arcsubmit.11" classname="broadcast/arc-submit" time="0"/>
    <testcase name="broadcast.arcsubmit.12" classname="broadcast/arc-submit" time="0"/>
    <testcase name="broadcast.arcsubmit.13" classname="broadcast/arc-submit" time="0"/>
    <testcase name="broadcast.arcsubmit.14" classname="broadcast/arc-submit" time="0"/>
    <testcase name="broadcast.arcsubmit.15" classname="broadcast/arc-submit" time="0"/>
    <testcase name="broadcast.arcsubmit.16" classname="broadcast/arc-submit" time="0"/>
  </testsuite>
  <testsuite name="broadcast/merkle-path-validation" tests="11" failures="0" errors="0" skipped="0">
    <testcase name="broadcast.merklepath.1" classname="broadcast/merkle-path-validation" time="0"/>
    <testcase name="broadcast.merklepath.2" classname="broadcast/merkle-path-validation" time="0"/>
    <testcase name="broadcast.merklepath.3" classname="broadcast/merkle-path-validation" time="0"/>
    <testcase name="broadcast.merklepath.4" classname="broadcast/merkle-path-validation" time="0"/>
    <testcase name="broadcast.merklepath.5" classname="broadcast/merkle-path-validation" time="0"/>
    <testcase name="broadcast.merklepath.6" classname="broadcast/merkle-path-validation" time="0"/>
    <testcase name="broadcast.merklepath.7" classname="broadcast/merkle-path-validation" time="0"/>
    <testcase name="broadcast.merklepath.8" classname="broadcast/merkle-path-validation" time="0"/>
    <testcase name="broadcast.merklepath.9" classname="broadcast/merkle-path-validation" time="0"/>
    <testcase name="broadcast.merklepath.10" classname="broadcast/merkle-path-validation" time="0"/>
    <testcase name="broadcast.merklepath.11" classname="broadcast/merkle-path-validation" time="0"/>
  </testsuite>
  <testsuite name="broadcast/merkle-service" tests="15" failures="0" errors="0" skipped="0">
    <testcase name="broadcast.merkle-service.1" classname="broadcast/merkle-service" time="0"/>
    <testcase name="broadcast.merkle-service.2" classname="broadcast/merkle-service" time="0"/>
    <testcase name="broadcast.merkle-service.3" classname="broadcast/merkle-service" time="0"/>
    <testcase name="broadcast.merkle-service.4" classname="broadcast/merkle-service" time="0"/>
    <testcase name="broadcast.merkle-service.5" classname="broadcast/merkle-service" time="0"/>
    <testcase name="broadcast.merkle-service.6" classname="broadcast/merkle-service" time="0"/>
    <testcase name="broadcast.merkle-service.7" classname="broadcast/merkle-service" time="0"/>
    <testcase name="broadcast.merkle-service.8" classname="broadcast/merkle-service" time="0"/>
    <testcase name="broadcast.merkle-service.9" classname="broadcast/merkle-service" time="0"/>
    <testcase name="broadcast.merkle-service.10" classname="broadcast/merkle-service" time="0"/>
    <testcase name="broadcast.merkle-service.11" classname="broadcast/merkle-service" time="0"/>
    <testcase name="broadcast.merkle-service.12" classname="broadcast/merkle-service" time="0"/>
    <testcase name="broadcast.merkle-service.13" classname="broadcast/merkle-service" time="0"/>
    <testcase name="broadcast.merkle-service.14" classname="broadcast/merkle-service" time="0"/>
    <testcase name="broadcast.merkle-service.15" classname="broadcast/merkle-service" time="0"/>
  </testsuite>
  <testsuite name="messaging/authsocket" tests="12" failures="0" errors="0" skipped="0">
    <testcase name="messaging.authsocket.1" classname="messaging/authsocket" time="0"/>
    <testcase name="messaging.authsocket.2" classname="messaging/authsocket" time="0"/>
    <testcase name="messaging.authsocket.3" classname="messaging/authsocket" time="0"/>
    <testcase name="messaging.authsocket.4" classname="messaging/authsocket" time="0"/>
    <testcase name="messaging.authsocket.5" classname="messaging/authsocket" time="0"/>
    <testcase name="messaging.authsocket.6" classname="messaging/authsocket" time="0"/>
    <testcase name="messaging.authsocket.7" classname="messaging/authsocket" time="0"/>
    <testcase name="messaging.authsocket.8" classname="messaging/authsocket" time="0"/>
    <testcase name="messaging.authsocket.9" classname="messaging/authsocket" time="0"/>
    <testcase name="messaging.authsocket.10" classname="messaging/authsocket" time="0"/>
    <testcase name="messaging.authsocket.11" classname="messaging/authsocket" time="0"/>
    <testcase name="messaging.authsocket.12" classname="messaging/authsocket" time="0"/>
  </testsuite>
  <testsuite name="messaging/brc31/authrite-signature" tests="28" failures="0" errors="0" skipped="0">
    <testcase name="messaging.brc31.authrite-signature.1" classname="messaging/brc31/authrite-signature" time="0"/>
    <testcase name="messaging.brc31.authrite-signature.2" classname="messaging/brc31/authrite-signature" time="0"/>
    <testcase name="messaging.brc31.authrite-signature.3" classname="messaging/brc31/authrite-signature" time="0"/>
    <testcase name="messaging.brc31.authrite-signature.4" classname="messaging/brc31/authrite-signature" time="0"/>
    <testcase name="messaging.brc31.authrite-signature.5" classname="messaging/brc31/authrite-signature" time="0"/>
    <testcase name="messaging.brc31.authrite-signature.6" classname="messaging/brc31/authrite-signature" time="0"/>
    <testcase name="messaging.brc31.authrite-signature.7" classname="messaging/brc31/authrite-signature" time="0"/>
    <testcase name="messaging.brc31.authrite-signature.8" classname="messaging/brc31/authrite-signature" time="0"/>
    <testcase name="messaging.brc31.authrite-signature.9" classname="messaging/brc31/authrite-signature" time="0"/>
    <testcase name="messaging.brc31.authrite-signature.10" classname="messaging/brc31/authrite-signature" time="0"/>
    <testcase name="messaging.brc31.authrite-signature.11" classname="messaging/brc31/authrite-signature" time="0"/>
    <testcase name="messaging.brc31.authrite-signature.12" classname="messaging/brc31/authrite-signature" time="0"/>
    <testcase name="messaging.brc31.authrite-signature.13" classname="messaging/brc31/authrite-signature" time="0"/>
    <testcase name="messaging.brc31.authrite-signature.14" classname="messaging/brc31/authrite-signature" time="0"/>
    <testcase name="messaging.brc31.authrite-signature.15" classname="messaging/brc31/authrite-signature" time="0"/>
    <testcase name="messaging.brc31.authrite-signature.16" classname="messaging/brc31/authrite-signature" time="0"/>
    <testcase name="messaging.brc31.authrite-signature.17" classname="messaging/brc31/authrite-signature" time="0"/>
    <testcase name="messaging.brc31.authrite-signature.18" classname="messaging/brc31/authrite-signature" time="0"/>
    <testcase name="messaging.brc31.authrite-signature.19" classname="messaging/brc31/authrite-signature" time="0"/>
    <testcase name="messaging.brc31.authrite-signature.20" classname="messaging/brc31/authrite-signature" time="0"/>
    <testcase name="messaging.brc31.authrite-signature.21" classname="messaging/brc31/authrite-signature" time="0"/>
    <testcase name="messaging.brc31.authrite-signature.22" classname="messaging/brc31/authrite-signature" time="0"/>
    <testcase name="messaging.brc31.authrite-signature.23" classname="messaging/brc31/authrite-signature" time="0"/>
    <testcase name="messaging.brc31.authrite-signature.24" classname="messaging/brc31/authrite-signature" time="0"/>
    <testcase name="messaging.brc31.authrite-signature.25" classname="messaging/brc31/authrite-signature" time="0"/>
    <testcase name="messaging.brc31.authrite-signature.26" classname="messaging/brc31/authrite-signature" time="0"/>
    <testcase name="messaging.brc31.authrite-signature.27" classname="messaging/brc31/authrite-signature" time="0"/>
    <testcase name="messaging.brc31.authrite-signature.28" classname="messaging/brc31/authrite-signature" time="0"/>
  </testsuite>
  <testsuite name="messaging/message-box-http" tests="21" failures="0" errors="0" skipped="0">
    <testcase name="messaging.messagebox-http.sendmessage.1" classname="messaging/message-box-http" time="0"/>
    <testcase name="messaging.messagebox-http.sendmessage.2" classname="messaging/message-box-http" time="0"/>
    <testcase name="messaging.messagebox-http.sendmessage.3" classname="messaging/message-box-http" time="0"/>
    <testcase name="messaging.messagebox-http.sendmessage.4" classname="messaging/message-box-http" time="0"/>
    <testcase name="messaging.messagebox-http.sendmessage.5" classname="messaging/message-box-http" time="0"/>
    <testcase name="messaging.messagebox-http.sendmessage.6" classname="messaging/message-box-http" time="0"/>
    <testcase name="messaging.messagebox-http.listmessages.1" classname="messaging/message-box-http" time="0"/>
    <testcase name="messaging.messagebox-http.listmessages.2" classname="messaging/message-box-http" time="0"/>
    <testcase name="messaging.messagebox-http.listmessages.3" classname="messaging/message-box-http" time="0"/>
    <testcase name="messaging.messagebox-http.listmessages.4" classname="messaging/message-box-http" time="0"/>
    <testcase name="messaging.messagebox-http.acknowledgemessage.1" classname="messaging/message-box-http" time="0"/>
    <testcase name="messaging.messagebox-http.acknowledgemessage.2" classname="messaging/message-box-http" time="0"/>
    <testcase name="messaging.messagebox-http.acknowledgemessage.3" classname="messaging/message-box-http" time="0"/>
    <testcase name="messaging.messagebox-http.acknowledgemessage.4" classname="messaging/message-box-http" time="0"/>
    <testcase name="messaging.messagebox-http.setpermission.1" classname="messaging/message-box-http" time="0"/>
    <testcase name="messaging.messagebox-http.setpermission.2" classname="messaging/message-box-http" time="0"/>
    <testcase name="messaging.messagebox-http.setpermission.3" classname="messaging/message-box-http" time="0"/>
    <testcase name="messaging.messagebox-http.getpermission.1" classname="messaging/message-box-http" time="0"/>
    <testcase name="messaging.messagebox-http.getpermission.2" classname="messaging/message-box-http" time="0"/>
    <testcase name="messaging.messagebox-http.listpermissions.1" classname="messaging/message-box-http" time="0"/>
    <testcase name="messaging.messagebox-http.listpermissions.2" classname="messaging/message-box-http" time="0"/>
  </testsuite>
  <testsuite name="overlay/lookup" tests="14" failures="0" errors="0" skipped="0">
    <testcase name="overlay.lookup.1" classname="overlay/lookup" time="0"/>
    <testcase name="overlay.lookup.2" classname="overlay/lookup" time="0"/>
    <testcase name="overlay.lookup.3" classname="overlay/lookup" time="0"/>
    <testcase name="overlay.lookup.4" classname="overlay/lookup" time="0"/>
    <testcase name="overlay.lookup.5" classname="overlay/lookup" time="0"/>
    <testcase name="overlay.lookup.6" classname="overlay/lookup" time="0"/>
    <testcase name="overlay.lookup.7" classname="overlay/lookup" time="0"/>
    <testcase name="overlay.lookup.8" classname="overlay/lookup" time="0"/>
    <testcase name="overlay.lookup.9" classname="overlay/lookup" time="0"/>
    <testcase name="overlay.lookup.10" classname="overlay/lookup" time="0"/>
    <testcase name="overlay.lookup.11" classname="overlay/lookup" time="0"/>
    <testcase name="overlay.lookup.12" classname="overlay/lookup" time="0"/>
    <testcase name="overlay.lookup.13" classname="overlay/lookup" time="0"/>
    <testcase name="overlay.lookup.14" classname="overlay/lookup" time="0"/>
  </testsuite>
  <testsuite name="overlay/submit" tests="12" failures="0" errors="0" skipped="0">
    <testcase name="overlay.submit.1" classname="overlay/submit" time="0"/>
    <testcase name="overlay.submit.2" classname="overlay/submit" time="0"/>
    <testcase name="overlay.submit.3" classname="overlay/submit" time="0"/>
    <testcase name="overlay.submit.4" classname="overlay/submit" time="0"/>
    <testcase name="overlay.submit.5" classname="overlay/submit" time="0"/>
    <testcase name="overlay.submit.6" classname="overlay/submit" time="0"/>
    <testcase name="overlay.submit.7" classname="overlay/submit" time="0"/>
    <testcase name="overlay.submit.8" classname="overlay/submit" time="0"/>
    <testcase name="overlay.submit.9" classname="overlay/submit" time="0"/>
    <testcase name="overlay.submit.10" classname="overlay/submit" time="0"/>
    <testcase name="overlay.submit.11" classname="overlay/submit" time="0"/>
    <testcase name="overlay.submit.12" classname="overlay/submit" time="0"/>
  </testsuite>
  <testsuite name="overlay/topic-management" tests="18" failures="0" errors="0" skipped="0">
    <testcase name="overlay.topicmanagement.1" classname="overlay/topic-management" time="0"/>
    <testcase name="overlay.topicmanagement.2" classname="overlay/topic-management" time="0"/>
    <testcase name="overlay.topicmanagement.3" classname="overlay/topic-management" time="0"/>
    <testcase name="overlay.topicmanagement.4" classname="overlay/topic-management" time="0"/>
    <testcase name="overlay.topicmanagement.5" classname="overlay/topic-management" time="0"/>
    <testcase name="overlay.topicmanagement.6" classname="overlay/topic-management" time="0"/>
    <testcase name="overlay.topicmanagement.7" classname="overlay/topic-management" time="0"/>
    <testcase name="overlay.topicmanagement.8" classname="overlay/topic-management" time="0"/>
    <testcase name="overlay.topicmanagement.9" classname="overlay/topic-management" time="0"/>
    <testcase name="overlay.topicmanagement.10" classname="overlay/topic-management" time="0"/>
    <testcase name="overlay.topicmanagement.11" classname="overlay/topic-management" time="0"/>
    <testcase name="overlay.topicmanagement.12" classname="overlay/topic-management" time="0"/>
    <testcase name="overlay.topicmanagement.13" classname="overlay/topic-management" time="0"/>
    <testcase name="overlay.topicmanagement.14" classname="overlay/topic-management" time="0"/>
    <testcase name="overlay.topicmanagement.15" classname="overlay/topic-management" time="0"/>
    <testcase name="overlay.topicmanagement.16" classname="overlay/topic-management" time="0"/>
    <testcase name="overlay.topicmanagement.17" classname="overlay/topic-management" time="0"/>
    <testcase name="overlay.topicmanagement.18" classname="overlay/topic-management" time="0"/>
  </testsuite>
  <testsuite name="payments/brc121" tests="18" failures="0" errors="0" skipped="0">
    <testcase name="payments.brc121.1" classname="payments/brc121" time="0"/>
    <testcase name="payments.brc121.2" classname="payments/brc121" time="0"/>
    <testcase name="payments.brc121.3" classname="payments/brc121" time="0"/>
    <testcase name="payments.brc121.4" classname="payments/brc121" time="0"/>
    <testcase name="payments.brc121.5" classname="payments/brc121" time="0"/>
    <testcase name="payments.brc121.6" classname="payments/brc121" time="0"/>
    <testcase name="payments.brc121.7" classname="payments/brc121" time="0"/>
    <testcase name="payments.brc121.8" classname="payments/brc121" time="0"/>
    <testcase name="payments.brc121.9" classname="payments/brc121" time="0"/>
    <testcase name="payments.brc121.10" classname="payments/brc121" time="0"/>
    <testcase name="payments.brc121.11" classname="payments/brc121" time="0"/>
    <testcase name="payments.brc121.12" classname="payments/brc121" time="0"/>
    <testcase name="payments.brc121.13" classname="payments/brc121" time="0"/>
    <testcase name="payments.brc121.14" classname="payments/brc121" time="0"/>
    <testcase name="payments.brc121.15" classname="payments/brc121" time="0"/>
    <testcase name="payments.brc121.16" classname="payments/brc121" time="0"/>
    <testcase name="payments.brc121.17" classname="payments/brc121" time="0"/>
    <testcase name="payments.brc121.18" classname="payments/brc121" time="0"/>
  </testsuite>
  <testsuite name="payments/brc29-payment-protocol" tests="15" failures="0" errors="0" skipped="0">
    <testcase name="payments.brc29-payment-protocol.1" classname="payments/brc29-payment-protocol" time="0"/>
    <testcase name="payments.brc29-payment-protocol.2" classname="payments/brc29-payment-protocol" time="0"/>
    <testcase name="payments.brc29-payment-protocol.3" classname="payments/brc29-payment-protocol" time="0"/>
    <testcase name="payments.brc29-payment-protocol.4" classname="payments/brc29-payment-protocol" time="0"/>
    <testcase name="payments.brc29-payment-protocol.5" classname="payments/brc29-payment-protocol" time="0"/>
    <testcase name="payments.brc29-payment-protocol.6" classname="payments/brc29-payment-protocol" time="0"/>
    <testcase name="payments.brc29-payment-protocol.7" classname="payments/brc29-payment-protocol" time="0"/>
    <testcase name="payments.brc29-payment-protocol.8" classname="payments/brc29-payment-protocol" time="0"/>
    <testcase name="payments.brc29-payment-protocol.9" classname="payments/brc29-payment-protocol" time="0"/>
    <testcase name="payments.brc29-payment-protocol.10" classname="payments/brc29-payment-protocol" time="0"/>
    <testcase name="payments.brc29-payment-protocol.11" classname="payments/brc29-payment-protocol" time="0"/>
    <testcase name="payments.brc29-payment-protocol.12" classname="payments/brc29-payment-protocol" time="0"/>
    <testcase name="payments.brc29-payment-protocol.13" classname="payments/brc29-payment-protocol" time="0"/>
    <testcase name="payments.brc29-payment-protocol.14" classname="payments/brc29-payment-protocol" time="0"/>
    <testcase name="payments.brc29-payment-protocol.15" classname="payments/brc29-payment-protocol" time="0"/>
  </testsuite>
  <testsuite name="regressions/beef-isvalid-hydration" tests="2" failures="0" errors="0" skipped="0">
    <testcase name="regression.beef.isvalid-hydration.0001" classname="regressions/beef-isvalid-hydration" time="0"/>
    <testcase name="regression.beef.isvalid-hydration.0002" classname="regressions/beef-isvalid-hydration" time="0"/>
  </testsuite>
  <testsuite name="regressions/beef-v2-txid-panic" tests="2" failures="0" errors="0" skipped="0">
    <testcase name="regression.beef.v2-txid-panic.0001" classname="regressions/beef-v2-txid-panic" time="0"/>
    <testcase name="regression.beef.v2-txid-panic.0002" classname="regressions/beef-v2-txid-panic" time="0"/>
  </testsuite>
  <testsuite name="regressions/bip276-hex-decode" tests="3" failures="0" errors="0" skipped="0">
    <testcase name="regression.bip276.hex-decode.0001" classname="regressions/bip276-hex-decode" time="0"/>
    <testcase name="regression.bip276.hex-decode.0002" classname="regressions/bip276-hex-decode" time="0"/>
    <testcase name="regression.bip276.hex-decode.0003" classname="regressions/bip276-hex-decode" time="0"/>
  </testsuite>
  <testsuite name="regressions/fee-model-mismatch" tests="3" failures="0" errors="0" skipped="0">
    <testcase name="regression.transactions.fee-model-mismatch.0001" classname="regressions/fee-model-mismatch" time="0"/>
    <testcase name="regression.transactions.fee-model-mismatch.0002" classname="regressions/fee-model-mismatch" time="0"/>
    <testcase name="regression.transactions.fee-model-mismatch.0003" classname="regressions/fee-model-mismatch" time="0"/>
  </testsuite>
  <testsuite name="regressions/merkle-path-odd-node" tests="5" failures="0" errors="0" skipped="0">
    <testcase name="regression.merkle-path.odd-node.0001" classname="regressions/merkle-path-odd-node" time="0"/>
    <testcase name="regression.merkle-path.odd-node.0002" classname="regressions/merkle-path-odd-node" time="0"/>
    <testcase name="regression.merkle-path.odd-node.0003" classname="regressions/merkle-path-odd-node" time="0"/>
    <testcase name="regression.merkle-path.odd-node.0004" classname="regressions/merkle-path-odd-node" time="0"/>
    <testcase name="regression.merkle-path.odd-node.0005" classname="regressions/merkle-path-odd-node" time="0"/>
  </testsuite>
  <testsuite name="regressions/privatekey-modular-reduction" tests="3" failures="0" errors="0" skipped="0">
    <testcase name="regression.privatekey.modular-reduction.0001" classname="regressions/privatekey-modular-reduction" time="0"/>
    <testcase name="regression.privatekey.modular-reduction.0002" classname="regressions/privatekey-modular-reduction" time="0"/>
    <testcase name="regression.privatekey.modular-reduction.0003" classname="regressions/privatekey-modular-reduction" time="0"/>
  </testsuite>
  <testsuite name="regressions/script-fromasm-numeric-token" tests="3" failures="0" errors="0" skipped="0">
    <testcase name="regression.script.fromasm-numeric-token.0001" classname="regressions/script-fromasm-numeric-token" time="0"/>
    <testcase name="regression.script.fromasm-numeric-token.0002" classname="regressions/script-fromasm-numeric-token" time="0"/>
    <testcase name="regression.script.fromasm-numeric-token.0003" classname="regressions/script-fromasm-numeric-token" time="0"/>
  </testsuite>
  <testsuite name="regressions/script-lshift-truncation" tests="3" failures="0" errors="0" skipped="0">
    <testcase name="regression.script.lshift-truncation.0001" classname="regressions/script-lshift-truncation" time="0"/>
    <testcase name="regression.script.lshift-truncation.0002" classname="regressions/script-lshift-truncation" time="0"/>
    <testcase name="regression.script.lshift-truncation.0003" classname="regressions/script-lshift-truncation" time="0"/>
  </testsuite>
  <testsuite name="regressions/script-shift-endianness" tests="3" failures="0" errors="0" skipped="0">
    <testcase name="regression.script.shift-endianness.0001" classname="regressions/script-shift-endianness" time="0"/>
    <testcase name="regression.script.shift-endianness.0002" classname="regressions/script-shift-endianness" time="0"/>
    <testcase name="regression.script.shift-endianness.0003" classname="regressions/script-shift-endianness" time="0"/>
  </testsuite>
  <testsuite name="regressions/script-writebin-empty" tests="2" failures="0" errors="0" skipped="0">
    <testcase name="regression.script.writebin-empty.0001" classname="regressions/script-writebin-empty" time="0"/>
    <testcase name="regression.script.writebin-empty.0002" classname="regressions/script-writebin-empty" time="0"/>
  </testsuite>
  <testsuite name="regressions/tx-sequence-zero-sighash" tests="3" failures="0" errors="0" skipped="0">
    <testcase name="regression.transactions.sequence-zero-sighash.0001" classname="regressions/tx-sequence-zero-sighash" time="0"/>
    <testcase name="regression.transactions.sequence-zero-sighash.0002" classname="regressions/tx-sequence-zero-sighash" time="0"/>
    <testcase name="regression.transactions.sequence-zero-sighash.0003" classname="regressions/tx-sequence-zero-sighash" time="0"/>
  </testsuite>
  <testsuite name="regressions/uhrp-url-parity" tests="4" failures="0" errors="0" skipped="0">
    <testcase name="regression.uhrp.url-parity.0001" classname="regressions/uhrp-url-parity" time="0"/>
    <testcase name="regression.uhrp.url-parity.0002" classname="regressions/uhrp-url-parity" time="0"/>
    <testcase name="regression.uhrp.url-parity.0003" classname="regressions/uhrp-url-parity" time="0"/>
    <testcase name="regression.uhrp.url-parity.0004" classname="regressions/uhrp-url-parity" time="0"/>
  </testsuite>
  <testsuite name="sdk/compat/bsm" tests="9" failures="0" errors="0" skipped="0">
    <testcase name="bsm-magic-001" classname="sdk/compat/bsm" time="0"/>
    <testcase name="bsm-magic-002" classname="sdk/compat/bsm" time="0"/>
    <testcase name="bsm-magic-003" classname="sdk/compat/bsm" time="0"/>
    <testcase name="bsm-magic-004" classname="sdk/compat/bsm" time="0"/>
    <testcase name="bsm-sign-001" classname="sdk/compat/bsm" time="0"/>
    <testcase name="bsm-sign-002" classname="sdk/compat/bsm" time="0"/>
    <testcase name="bsm-verify-001" classname="sdk/compat/bsm" time="0"/>
    <testcase name="bsm-verify-002" classname="sdk/compat/bsm" time="0"/>
    <testcase name="bsm-recovery-001" classname="sdk/compat/bsm" time="0"/>
  </testsuite>
  <testsuite name="sdk/crypto/aes" tests="15" failures="0" errors="0" skipped="0">
    <testcase name="sdk.crypto.aes.1" classname="sdk/crypto/aes" time="0"/>
    <testcase name="sdk.crypto.aes.2" classname="sdk/crypto/aes" time="0"/>
    <testcase name="sdk.crypto.aes.3" classname="sdk/crypto/aes" time="0"/>
    <testcase name="sdk.crypto.aes.4" classname="sdk/crypto/aes" time="0"/>
    <testcase name="sdk.crypto.aes.5" classname="sdk/crypto/aes" time="0"/>
    <testcase name="sdk.crypto.aes.6" classname="sdk/crypto/aes" time="0"/>
    <testcase name="sdk.crypto.aes.7" classname="sdk/crypto/aes" time="0"/>
    <testcase name="sdk.crypto.aes.8" classname="sdk/crypto/aes" time="0"/>
    <testcase name="sdk.crypto.aes.9" classname="sdk/crypto/aes" time="0"/>
    <testcase name="sdk.crypto.aes.10" classname="sdk/crypto/aes" time="0"/>
    <testcase name="sdk.crypto.aes.11" classname="sdk/crypto/aes" time="0"/>
    <testcase name="sdk.crypto.aes.12" classname="sdk/crypto/aes" time="0"/>
    <testcase name="sdk.crypto.aes.13" classname="sdk/crypto/aes" time="0"/>
    <testcase name="sdk.crypto.aes.14" classname="sdk/crypto/aes" time="0"/>
    <testcase name="sdk.crypto.aes.15" classname="sdk/crypto/aes" time="0"/>
  </testsuite>
  <testsuite name="sdk/crypto/ecdsa" tests="24" failures="0" errors="0" skipped="0">
    <testcase name="ecdsa-001" classname="sdk/crypto/ecdsa" time="0"/>
    <testcase name="ecdsa-002" classname="sdk/crypto/ecdsa" time="0"/>
    <testcase name="ecdsa-003" classname="sdk/crypto/ecdsa" time="0"/>
    <testcase name="ecdsa-004" classname="sdk/crypto/ecdsa" time="0"/>
    <testcase name="ecdsa-005" classname="sdk/crypto/ecdsa" time="0"/>
    <testcase name="ecdsa-006" classname="sdk/crypto/ecdsa" time="0"/>
    <testcase name="ecdsa-007" classname="sdk/crypto/ecdsa" time="0"/>
    <testcase name="ecdsa-008" classname="sdk/crypto/ecdsa" time="0"/>
    <testcase name="ecdsa-009" classname="sdk/crypto/ecdsa" time="0"/>
    <testcase name="ecdsa-010" classname="sdk/crypto/ecdsa" time="0"/>
    <testcase name="ecdsa-011" classname="sdk/crypto/ecdsa" time="0"/>
    <testcase name="ecdsa-012" classname="sdk/crypto/ecdsa" time="0"/>
    <testcase name="ecdsa-013" classname="sdk/crypto/ecdsa" time="0"/>
    <testcase name="ecdsa-014" classname="sdk/crypto/ecdsa" time="0"/>
    <testcase name="ecdsa-015" classname="sdk/crypto/ecdsa" time="0"/>
    <testcase name="ecdsa-016" classname="sdk/crypto/ecdsa" time="0"/>
    <testcase name="ecdsa-017" classname="sdk/crypto/ecdsa" time="0"/>
    <testcase name="ecdsa-018" classname="sdk/crypto/ecdsa" time="0"/>
    <testcase name="ecdsa-019" classname="sdk/crypto/ecdsa" time="0"/>
    <testcase name="ecdsa-020" classname="sdk/crypto/ecdsa" time="0"/>
    <testcase name="ecdsa-021" classname="sdk/crypto/ecdsa" time="0"/>
    <testcase name="ecdsa-022" classname="sdk/crypto/ecdsa" time="0"/>
    <testcase name="ecdsa-023" classname="sdk/crypto/ecdsa" time="0"/>
    <testcase name="ecdsa-024" classname="sdk/crypto/ecdsa" time="0"/>
  </testsuite>
  <testsuite name="sdk/crypto/ecies" tests="22" failures="0" errors="0" skipped="0">
    <testcase name="sdk.crypto.ecies.1" classname="sdk/crypto/ecies" time="0"/>
    <testcase name="sdk.crypto.ecies.2" classname="sdk/crypto/ecies" time="0"/>
    <testcase name="sdk.crypto.ecies.3" classname="sdk/crypto/ecies" time="0"/>
    <testcase name="sdk.crypto.ecies.4" classname="sdk/crypto/ecies" time="0"/>
    <testcase name="sdk.crypto.ecies.5" classname="sdk/crypto/ecies" time="0"/>
    <testcase name="sdk.crypto.ecies.6" classname="sdk/crypto/ecies" time="0"/>
    <testcase name="sdk.crypto.ecies.7" classname="sdk/crypto/ecies" time="0"/>
    <testcase name="sdk.crypto.ecies.8" classname="sdk/crypto/ecies" time="0"/>
    <testcase name="sdk.crypto.ecies.9" classname="sdk/crypto/ecies" time="0"/>
    <testcase name="sdk.crypto.ecies.10" classname="sdk/crypto/ecies" time="0"/>
    <testcase name="sdk.crypto.ecies.11" classname="sdk/crypto/ecies" time="0"/>
    <testcase name="sdk.crypto.ecies.12" classname="sdk/crypto/ecies" time="0"/>
    <testcase name="sdk.crypto.ecies.13" classname="sdk/crypto/ecies" time="0"/>
    <testcase name="sdk.crypto.ecies.14" classname="sdk/crypto/ecies" time="0"/>
    <testcase name="sdk.crypto.ecies.15" classname="sdk/crypto/ecies" time="0"/>
    <testcase name="sdk.crypto.ecies.16" classname="sdk/crypto/ecies" time="0"/>
    <testcase name="sdk.crypto.ecies.17" classname="sdk/crypto/ecies" time="0"/>
    <testcase name="sdk.crypto.ecies.18" classname="sdk/crypto/ecies" time="0"/>
    <testcase name="sdk.crypto.ecies.19" classname="sdk/crypto/ecies" time="0"/>
    <testcase name="sdk.crypto.ecies.20" classname="sdk/crypto/ecies" time="0"/>
    <testcase name="sdk.crypto.ecies.21" classname="sdk/crypto/ecies" time="0"/>
    <testcase name="sdk.crypto.ecies.22" classname="sdk/crypto/ecies" time="0"/>
  </testsuite>
  <testsuite name="sdk/crypto/hash160" tests="8" failures="0" errors="0" skipped="0">
    <testcase name="sdk.crypto.hash160.1" classname="sdk/crypto/hash160" time="0"/>
    <testcase name="sdk.crypto.hash160.2" classname="sdk/crypto/hash160" time="0"/>
    <testcase name="sdk.crypto.hash160.3" classname="sdk/crypto/hash160" time="0"/>
    <testcase name="sdk.crypto.hash160.4" classname="sdk/crypto/hash160" time="0"/>
    <testcase name="sdk.crypto.hash160.5" classname="sdk/crypto/hash160" time="0"/>
    <testcase name="sdk.crypto.hash160.6" classname="sdk/crypto/hash160" time="0"/>
    <testcase name="sdk.crypto.hash160.7" classname="sdk/crypto/hash160" time="0"/>
    <testcase name="sdk.crypto.hash160.8" classname="sdk/crypto/hash160" time="0"/>
  </testsuite>
  <testsuite name="sdk/crypto/hmac" tests="11" failures="0" errors="0" skipped="0">
    <testcase name="sdk.crypto.hmac.1" classname="sdk/crypto/hmac" time="0"/>
    <testcase name="sdk.crypto.hmac.2" classname="sdk/crypto/hmac" time="0"/>
    <testcase name="sdk.crypto.hmac.3" classname="sdk/crypto/hmac" time="0"/>
    <testcase name="sdk.crypto.hmac.4" classname="sdk/crypto/hmac" time="0"/>
    <testcase name="sdk.crypto.hmac.5" classname="sdk/crypto/hmac" time="0"/>
    <testcase name="sdk.crypto.hmac.6" classname="sdk/crypto/hmac" time="0"/>
    <testcase name="sdk.crypto.hmac.7" classname="sdk/crypto/hmac" time="0"/>
    <testcase name="sdk.crypto.hmac.8" classname="sdk/crypto/hmac" time="0"/>
    <testcase name="sdk.crypto.hmac.9" classname="sdk/crypto/hmac" time="0"/>
    <testcase name="sdk.crypto.hmac.10" classname="sdk/crypto/hmac" time="0"/>
    <testcase name="sdk.crypto.hmac.11" classname="sdk/crypto/hmac" time="0"/>
  </testsuite>
  <testsuite name="sdk/crypto/ripemd160" tests="7" failures="0" errors="0" skipped="0">
    <testcase name="sdk.crypto.ripemd160.1" classname="sdk/crypto/ripemd160" time="0"/>
    <testcase name="sdk.crypto.ripemd160.2" classname="sdk/crypto/ripemd160" time="0"/>
    <testcase name="sdk.crypto.ripemd160.3" classname="sdk/crypto/ripemd160" time="0"/>
    <testcase name="sdk.crypto.ripemd160.4" classname="sdk/crypto/ripemd160" time="0"/>
    <testcase name="sdk.crypto.ripemd160.5" classname="sdk/crypto/ripemd160" time="0"/>
    <testcase name="sdk.crypto.ripemd160.6" classname="sdk/crypto/ripemd160" time="0"/>
    <testcase name="sdk.crypto.ripemd160.7" classname="sdk/crypto/ripemd160" time="0"/>
  </testsuite>
  <testsuite name="sdk/crypto/sha256" tests="14" failures="0" errors="0" skipped="0">
    <testcase name="sdk.crypto.sha256.1" classname="sdk/crypto/sha256" time="0"/>
    <testcase name="sdk.crypto.sha256.2" classname="sdk/crypto/sha256" time="0"/>
    <testcase name="sdk.crypto.sha256.3" classname="sdk/crypto/sha256" time="0"/>
    <testcase name="sdk.crypto.sha256.4" classname="sdk/crypto/sha256" time="0"/>
    <testcase name="sdk.crypto.sha256.5" classname="sdk/crypto/sha256" time="0"/>
    <testcase name="sdk.crypto.sha256.6" classname="sdk/crypto/sha256" time="0"/>
    <testcase name="sdk.crypto.sha256.7" classname="sdk/crypto/sha256" time="0"/>
    <testcase name="sdk.crypto.sha256.8" classname="sdk/crypto/sha256" time="0"/>
    <testcase name="sdk.crypto.sha256.9" classname="sdk/crypto/sha256" time="0"/>
    <testcase name="sdk.crypto.sha256.10" classname="sdk/crypto/sha256" time="0"/>
    <testcase name="sdk.crypto.sha256.11" classname="sdk/crypto/sha256" time="0"/>
    <testcase name="sdk.crypto.sha256.12" classname="sdk/crypto/sha256" time="0"/>
    <testcase name="sdk.crypto.sha256.13" classname="sdk/crypto/sha256" time="0"/>
    <testcase name="sdk.crypto.sha256.14" classname="sdk/crypto/sha256" time="0"/>
  </testsuite>
  <testsuite name="sdk/crypto/signature" tests="23" failures="0" errors="0" skipped="0">
    <testcase name="sig-der-001" classname="sdk/crypto/signature" time="0"/>
    <testcase name="sig-der-002" classname="sdk/crypto/signature" time="0"/>
    <testcase name="sig-der-003" classname="sdk/crypto/signature" time="0"/>
    <testcase name="sig-der-004" classname="sdk/crypto/signature" time="0"/>
    <testcase name="sig-der-005" classname="sdk/crypto/signature" time="0"/>
    <testcase name="sig-der-006" classname="sdk/crypto/signature" time="0"/>
    <testcase name="sig-compact-001" classname="sdk/crypto/signature" time="0"/>
    <testcase name="sig-compact-002" classname="sdk/crypto/signature" time="0"/>
    <testcase name="sig-compact-003" classname="sdk/crypto/signature" time="0"/>
    <testcase name="sig-compact-004" classname="sdk/crypto/signature" time="0"/>
    <testcase name="sig-compact-005" classname="sdk/crypto/signature" time="0"/>
    <testcase name="sig-compact-006" classname="sdk/crypto/signature" time="0"/>
    <testcase name="sig-compact-007" classname="sdk/crypto/signature" time="0"/>
    <testcase name="sig-tocompact-err-001" classname="sdk/crypto/signature" time="0"/>
    <testcase name="sig-tocompact-err-002" classname="sdk/crypto/signature" time="0"/>
    <testcase name="sig-der-007" classname="sdk/crypto/signature" time="0"/>
    <testcase name="sig-der-008" classname="sdk/crypto/signature" time="0"/>
    <testcase name="sig-der-009" classname="sdk/crypto/signature" time="0"/>
    <testcase name="sig-der-010" classname="sdk/crypto/signature" time="0"/>
    <testcase name="sig-compact-008" classname="sdk/crypto/signature" time="0"/>
    <testcase name="sig-compact-009" classname="sdk/crypto/signature" time="0"/>
    <testcase name="sig-compact-010" classname="sdk/crypto/signature" time="0"/>
    <testcase name="sig-compact-011" classname="sdk/crypto/signature" time="0"/>
  </testsuite>
  <testsuite name="sdk/keys/key-derivation" tests="33" failures="0" errors="0" skipped="0">
    <testcase name="key-001" classname="sdk/keys/key-derivation" time="0"/>
    <testcase name="key-002" classname="sdk/keys/key-derivation" time="0"/>
    <testcase name="key-003" classname="sdk/keys/key-derivation" time="0"/>
    <testcase name="key-004" classname="sdk/keys/key-derivation" time="0"/>
    <testcase name="key-005" classname="sdk/keys/key-derivation" time="0"/>
    <testcase name="key-006" classname="sdk/keys/key-derivation" time="0"/>
    <testcase name="key-007" classname="sdk/keys/key-derivation" time="0"/>
    <testcase name="key-008" classname="sdk/keys/key-derivation" time="0"/>
    <testcase name="key-009" classname="sdk/keys/key-derivation" time="0"/>
    <testcase name="key-010" classname="sdk/keys/key-derivation" time="0"/>
    <testcase name="key-011" classname="sdk/keys/key-derivation" time="0"/>
    <testcase name="key-012" classname="sdk/keys/key-derivation" time="0"/>
    <testcase name="key-013" classname="sdk/keys/key-derivation" time="0"/>
    <testcase name="key-014" classname="sdk/keys/key-derivation" time="0"/>
    <testcase name="key-015" classname="sdk/keys/key-derivation" time="0"/>
    <testcase name="key-016" classname="sdk/keys/key-derivation" time="0"/>
    <testcase name="key-017" classname="sdk/keys/key-derivation" time="0"/>
    <testcase name="key-018" classname="sdk/keys/key-derivation" time="0"/>
    <testcase name="key-019" classname="sdk/keys/key-derivation" time="0"/>
    <testcase name="key-020" classname="sdk/keys/key-derivation" time="0"/>
    <testcase name="key-021" classname="sdk/keys/key-derivation" time="0"/>
    <testcase name="key-022" classname="sdk/keys/key-derivation" time="0"/>
    <testcase name="key-023" classname="sdk/keys/key-derivation" time="0"/>
    <testcase name="key-024" classname="sdk/keys/key-derivation" time="0"/>
    <testcase name="key-025" classname="sdk/keys/key-derivation" time="0"/>
    <testcase name="key-026" classname="sdk/keys/key-derivation" time="0"/>
    <testcase name="key-027" classname="sdk/keys/key-derivation" time="0"/>
    <testcase name="key-028" classname="sdk/keys/key-derivation" time="0"/>
    <testcase name="key-029" classname="sdk/keys/key-derivation" time="0"/>
    <testcase name="key-030" classname="sdk/keys/key-derivation" time="0"/>
    <testcase name="key-031" classname="sdk/keys/key-derivation" time="0"/>
    <testcase name="key-032" classname="sdk/keys/key-derivation" time="0"/>
    <testcase name="key-033" classname="sdk/keys/key-derivation" time="0"/>
  </testsuite>
  <testsuite name="sdk/keys/private-key" tests="11" failures="0" errors="0" skipped="0">
    <testcase name="privkey-hex-001" classname="sdk/keys/private-key" time="0"/>
    <testcase name="privkey-hex-002" classname="sdk/keys/private-key" time="0"/>
    <testcase name="privkey-hex-003" classname="sdk/keys/private-key" time="0"/>
    <testcase name="privkey-hex-004" classname="sdk/keys/private-key" time="0"/>
    <testcase name="privkey-wif-001" classname="sdk/keys/private-key" time="0"/>
    <testcase name="privkey-scalar-001" classname="sdk/keys/private-key" time="0"/>
    <testcase name="privkey-brc42-001" classname="sdk/keys/private-key" time="0"/>
    <testcase name="privkey-brc42-002" classname="sdk/keys/private-key" time="0"/>
    <testcase name="privkey-brc42-003" classname="sdk/keys/private-key" time="0"/>
    <testcase name="privkey-brc42-004" classname="sdk/keys/private-key" time="0"/>
    <testcase name="privkey-brc42-005" classname="sdk/keys/private-key" time="0"/>
  </testsuite>
  <testsuite name="sdk/keys/public-key" tests="15" failures="0" errors="0" skipped="0">
    <testcase name="pubkey-der-001" classname="sdk/keys/public-key" time="0"/>
    <testcase name="pubkey-der-002" classname="sdk/keys/public-key" time="0"/>
    <testcase name="pubkey-der-003" classname="sdk/keys/public-key" time="0"/>
    <testcase name="pubkey-fromstring-001" classname="sdk/keys/public-key" time="0"/>
    <testcase name="pubkey-fromstring-002" classname="sdk/keys/public-key" time="0"/>
    <testcase name="pubkey-fromstring-003" classname="sdk/keys/public-key" time="0"/>
    <testcase name="pubkey-constructor-err-001" classname="sdk/keys/public-key" time="0"/>
    <testcase name="pubkey-ecdh-err-001" classname="sdk/keys/public-key" time="0"/>
    <testcase name="pubkey-brc42-001" classname="sdk/keys/public-key" time="0"/>
    <testcase name="pubkey-brc42-002" classname="sdk/keys/public-key" time="0"/>
    <testcase name="pubkey-brc42-003" classname="sdk/keys/public-key" time="0"/>
    <testcase name="pubkey-brc42-004" classname="sdk/keys/public-key" time="0"/>
    <testcase name="pubkey-brc42-005" classname="sdk/keys/public-key" time="0"/>
    <testcase name="pubkey-mid-key-003" classname="sdk/keys/public-key" time="0"/>
    <testcase name="pubkey-mid-key-004" classname="sdk/keys/public-key" time="0"/>
  </testsuite>
  <testsuite name="sdk/scripts/evaluation" tests="33" failures="0" errors="0" skipped="0">
    <testcase name="script-001" classname="sdk/scripts/evaluation" time="0"/>
    <testcase name="script-002" classname="sdk/scripts/evaluation" time="0"/>
    <testcase name="script-003" classname="sdk/scripts/evaluation" time="0"/>
    <testcase name="script-004" classname="sdk/scripts/evaluation" time="0"/>
    <testcase name="script-005" classname="sdk/scripts/evaluation" time="0"/>
    <testcase name="script-006" classname="sdk/scripts/evaluation" time="0"/>
    <testcase name="script-007" classname="sdk/scripts/evaluation" time="0"/>
    <testcase name="script-008" classname="sdk/scripts/evaluation" time="0"/>
    <testcase name="script-009" classname="sdk/scripts/evaluation" time="0"/>
    <testcase name="script-010" classname="sdk/scripts/evaluation" time="0"/>
    <testcase name="script-011" classname="sdk/scripts/evaluation" time="0"/>
    <testcase name="script-012" classname="sdk/scripts/evaluation" time="0"/>
    <testcase name="script-013" classname="sdk/scripts/evaluation" time="0"/>
    <testcase name="script-014" classname="sdk/scripts/evaluation" time="0"/>
    <testcase name="script-015" classname="sdk/scripts/evaluation" time="0"/>
    <testcase name="script-016" classname="sdk/scripts/evaluation" time="0"/>
    <testcase name="script-017" classname="sdk/scripts/evaluation" time="0"/>
    <testcase name="script-018" classname="sdk/scripts/evaluation" time="0"/>
    <testcase name="script-019" classname="sdk/scripts/evaluation" time="0"/>
    <testcase name="script-020" classname="sdk/scripts/evaluation" time="0"/>
    <testcase name="script-021" classname="sdk/scripts/evaluation" time="0"/>
    <testcase name="script-022" classname="sdk/scripts/evaluation" time="0"/>
    <testcase name="script-023" classname="sdk/scripts/evaluation" time="0"/>
    <testcase name="script-024" classname="sdk/scripts/evaluation" time="0"/>
    <testcase name="script-025" classname="sdk/scripts/evaluation" time="0"/>
    <testcase name="script-026" classname="sdk/scripts/evaluation" time="0"/>
    <testcase name="script-027" classname="sdk/scripts/evaluation" time="0"/>
    <testcase name="script-028" classname="sdk/scripts/evaluation" time="0"/>
    <testcase name="script-029" classname="sdk/scripts/evaluation" time="0"/>
    <testcase name="script-030" classname="sdk/scripts/evaluation" time="0"/>
    <testcase name="script-031" classname="sdk/scripts/evaluation" time="0"/>
    <testcase name="script-032" classname="sdk/scripts/evaluation" time="0"/>
    <testcase name="script-033" classname="sdk/scripts/evaluation" time="0"/>
  </testsuite>
  <testsuite name="sdk/transactions/merkle-path" tests="16" failures="0" errors="0" skipped="0">
    <testcase name="mp-parse-001" classname="sdk/transactions/merkle-path" time="0"/>
    <testcase name="mp-serialize-001" classname="sdk/transactions/merkle-path" time="0"/>
    <testcase name="mp-computeroot-001" classname="sdk/transactions/merkle-path" time="0"/>
    <testcase name="mp-computeroot-002" classname="sdk/transactions/merkle-path" time="0"/>
    <testcase name="mp-computeroot-003" classname="sdk/transactions/merkle-path" time="0"/>
    <testcase name="mp-single-tx-001" classname="sdk/transactions/merkle-path" time="0"/>
    <testcase name="mp-compound-001" classname="sdk/transactions/merkle-path" time="0"/>
    <testcase name="mp-coinbase-001" classname="sdk/transactions/merkle-path" time="0"/>
    <testcase name="mp-block125632-001" classname="sdk/transactions/merkle-path" time="0"/>
    <testcase name="mp-block125632-002" classname="sdk/transactions/merkle-path" time="0"/>
    <testcase name="mp-block125632-003" classname="sdk/transactions/merkle-path" time="0"/>
    <testcase name="mp-combine-001" classname="sdk/transactions/merkle-path" time="0"/>
    <testcase name="mp-findleaf-001" classname="sdk/transactions/merkle-path" time="0"/>
    <testcase name="mp-extract-001" classname="sdk/transactions/merkle-path" time="0"/>
    <testcase name="mp-extract-002" classname="sdk/transactions/merkle-path" time="0"/>
    <testcase name="mp-extract-003" classname="sdk/transactions/merkle-path" time="0"/>
  </testsuite>
  <testsuite name="sdk/transactions/serialization" tests="15" failures="0" errors="0" skipped="0">
    <testcase name="tx-001" classname="sdk/transactions/serialization" time="0"/>
    <testcase name="tx-002" classname="sdk/transactions/serialization" time="0"/>
    <testcase name="tx-003" classname="sdk/transactions/serialization" time="0"/>
    <testcase name="tx-004" classname="sdk/transactions/serialization" time="0"/>
    <testcase name="tx-005" classname="sdk/transactions/serialization" time="0"/>
    <testcase name="tx-006" classname="sdk/transactions/serialization" time="0"/>
    <testcase name="tx-007" classname="sdk/transactions/serialization" time="0"/>
    <testcase name="tx-008" classname="sdk/transactions/serialization" time="0"/>
    <testcase name="tx-009" classname="sdk/transactions/serialization" time="0"/>
    <testcase name="tx-010" classname="sdk/transactions/serialization" time="0"/>
    <testcase name="tx-011" classname="sdk/transactions/serialization" time="0"/>
    <testcase name="tx-012" classname="sdk/transactions/serialization" time="0"/>
    <testcase name="tx-013" classname="sdk/transactions/serialization" time="0"/>
    <testcase name="tx-014" classname="sdk/transactions/serialization" time="0"/>
    <testcase name="tx-015" classname="sdk/transactions/serialization" time="0"/>
  </testsuite>
  <testsuite name="storage/uhrp-http" tests="15" failures="0" errors="0" skipped="0">
    <testcase name="storage.uhrp-http.1" classname="storage/uhrp-http" time="0"/>
    <testcase name="storage.uhrp-http.2" classname="storage/uhrp-http" time="0"/>
    <testcase name="storage.uhrp-http.3" classname="storage/uhrp-http" time="0"/>
    <testcase name="storage.uhrp-http.4" classname="storage/uhrp-http" time="0"/>
    <testcase name="storage.uhrp-http.5" classname="storage/uhrp-http" time="0"/>
    <testcase name="storage.uhrp-http.6" classname="storage/uhrp-http" time="0"/>
    <testcase name="storage.uhrp-http.7" classname="storage/uhrp-http" time="0"/>
    <testcase name="storage.uhrp-http.8" classname="storage/uhrp-http" time="0"/>
    <testcase name="storage.uhrp-http.9" classname="storage/uhrp-http" time="0"/>
    <testcase name="storage.uhrp-http.10" classname="storage/uhrp-http" time="0"/>
    <testcase name="storage.uhrp-http.11" classname="storage/uhrp-http" time="0"/>
    <testcase name="storage.uhrp-http.12" classname="storage/uhrp-http" time="0"/>
    <testcase name="storage.uhrp-http.13" classname="storage/uhrp-http" time="0"/>
    <testcase name="storage.uhrp-http.14" classname="storage/uhrp-http" time="0"/>
    <testcase name="storage.uhrp-http.15" classname="storage/uhrp-http" time="0"/>
  </testsuite>
  <testsuite name="sync/gasp-protocol" tests="20" failures="0" errors="0" skipped="0">
    <testcase name="sync.gasprotocol.1" classname="sync/gasp-protocol" time="0"/>
    <testcase name="sync.gasprotocol.2" classname="sync/gasp-protocol" time="0"/>
    <testcase name="sync.gasprotocol.3" classname="sync/gasp-protocol" time="0"/>
    <testcase name="sync.gasprotocol.4" classname="sync/gasp-protocol" time="0"/>
    <testcase name="sync.gasprotocol.5" classname="sync/gasp-protocol" time="0"/>
    <testcase name="sync.gasprotocol.6" classname="sync/gasp-protocol" time="0"/>
    <testcase name="sync.gasprotocol.7" classname="sync/gasp-protocol" time="0"/>
    <testcase name="sync.gasprotocol.8" classname="sync/gasp-protocol" time="0"/>
    <testcase name="sync.gasprotocol.9" classname="sync/gasp-protocol" time="0"/>
    <testcase name="sync.gasprotocol.10" classname="sync/gasp-protocol" time="0"/>
    <testcase name="sync.gasprotocol.11" classname="sync/gasp-protocol" time="0"/>
    <testcase name="sync.gasprotocol.12" classname="sync/gasp-protocol" time="0"/>
    <testcase name="sync.gasprotocol.13" classname="sync/gasp-protocol" time="0"/>
    <testcase name="sync.gasprotocol.14" classname="sync/gasp-protocol" time="0"/>
    <testcase name="sync.gasprotocol.15" classname="sync/gasp-protocol" time="0"/>
    <testcase name="sync.gasprotocol.16" classname="sync/gasp-protocol" time="0"/>
    <testcase name="sync.gasprotocol.17" classname="sync/gasp-protocol" time="0"/>
    <testcase name="sync.gasprotocol.18" classname="sync/gasp-protocol" time="0"/>
    <testcase name="sync.gasprotocol.19" classname="sync/gasp-protocol" time="0"/>
    <testcase name="sync.gasprotocol.20" classname="sync/gasp-protocol" time="0"/>
  </testsuite>
  <testsuite name="wallet/brc100/abortaction" tests="8" failures="0" errors="0" skipped="0">
    <testcase name="wallet.brc100.abortaction.1" classname="wallet/brc100/abortaction" time="0"/>
    <testcase name="wallet.brc100.abortaction.2" classname="wallet/brc100/abortaction" time="0"/>
    <testcase name="wallet.brc100.abortaction.3" classname="wallet/brc100/abortaction" time="0"/>
    <testcase name="wallet.brc100.abortaction.4" classname="wallet/brc100/abortaction" time="0"/>
    <testcase name="wallet.brc100.abortaction.5" classname="wallet/brc100/abortaction" time="0"/>
    <testcase name="wallet.brc100.abortaction.6" classname="wallet/brc100/abortaction" time="0"/>
    <testcase name="wallet.brc100.abortaction.7" classname="wallet/brc100/abortaction" time="0"/>
    <testcase name="wallet.brc100.abortaction.8" classname="wallet/brc100/abortaction" time="0"/>
  </testsuite>
  <testsuite name="wallet/brc100/acquirecertificate" tests="8" failures="0" errors="0" skipped="0">
    <testcase name="wallet.brc100.acquirecertificate.1" classname="wallet/brc100/acquirecertificate" time="0"/>
    <testcase name="wallet.brc100.acquirecertificate.2" classname="wallet/brc100/acquirecertificate" time="0"/>
    <testcase name="wallet.brc100.acquirecertificate.3" classname="wallet/brc100/acquirecertificate" time="0"/>
    <testcase name="wallet.brc100.acquirecertificate.4" classname="wallet/brc100/acquirecertificate" time="0"/>
    <testcase name="wallet.brc100.acquirecertificate.5" classname="wallet/brc100/acquirecertificate" time="0"/>
    <testcase name="wallet.brc100.acquirecertificate.6" classname="wallet/brc100/acquirecertificate" time="0"/>
    <testcase name="wallet.brc100.acquirecertificate.7" classname="wallet/brc100/acquirecertificate" time="0"/>
    <testcase name="wallet.brc100.acquirecertificate.8" classname="wallet/brc100/acquirecertificate" time="0"/>
  </testsuite>
  <testsuite name="wallet/brc100/createaction" tests="90" failures="0" errors="0" skipped="0">
    <testcase name="wallet.brc100.createaction.1" classname="wallet/brc100/createaction" time="0"/>
    <testcase name="wallet.brc100.createaction.2" classname="wallet/brc100/createaction" time="0"/>
    <testcase name="wallet.brc100.createaction.3" classname="wallet/brc100/createaction" time="0"/>
    <testcase name="wallet.brc100.createaction.4" classname="wallet/brc100/createaction" time="0"/>
    <testcase name="wallet.brc100.createaction.5" classname="wallet/brc100/createaction" time="0"/>
    <testcase name="wallet.brc100.createaction.6" classname="wallet/brc100/createaction" time="0"/>
    <testcase name="wallet.brc100.createaction.7" classname="wallet/brc100/createaction" time="0"/>
    <testcase name="wallet.brc100.createaction.8" classname="wallet/brc100/createaction" time="0"/>
    <testcase name="wallet.brc100.createaction.9" classname="wallet/brc100/createaction" time="0"/>
    <testcase name="wallet.brc100.createaction.10" classname="wallet/brc100/createaction" time="0"/>
    <testcase name="wallet.brc100.createaction.11" classname="wallet/brc100/createaction" time="0"/>
    <testcase name="wallet.brc100.createaction.12" classname="wallet/brc100/createaction" time="0"/>
    <testcase name="wallet.brc100.createaction.13" classname="wallet/brc100/createaction" time="0"/>
    <testcase name="wallet.brc100.createaction.14" classname="wallet/brc100/createaction" time="0"/>
    <testcase name="wallet.brc100.createaction.15" classname="wallet/brc100/createaction" time="0"/>
    <testcase name="wallet.brc100.createaction.16" classname="wallet/brc100/createaction" time="0"/>
    <testcase name="wallet.brc100.createaction.17" classname="wallet/brc100/createaction" time="0"/>
    <testcase name="wallet.brc100.createaction.18" classname="wallet/brc100/createaction" time="0"/>
    <testcase name="wallet.brc100.createaction.19" classname="wallet/brc100/createaction" time="0"/>
    <testcase name="wallet.brc100.createaction.20" classname="wallet/brc100/createaction" time="0"/>
    <testcase name="wallet.brc100.createaction.21" classname="wallet/brc100/createaction" time="0"/>
    <testcase name="wallet.brc100.createaction.22" classname="wallet/brc100/createaction" time="0"/>
    <testcase name="wallet.brc100.createaction.23" classname="wallet/brc100/createaction" time="0"/>
    <testcase name="wallet.brc100.createaction.24" classname="wallet/brc100/createaction" time="0"/>
    <testcase name="wallet.brc100.createaction.25" classname="wallet/brc100/createaction" time="0"/>
    <testcase name="wallet.brc100.createaction.26" classname="wallet/brc100/createaction" time="0"/>
    <testcase name="wallet.brc100.createaction.27" classname="wallet/brc100/createaction" time="0"/>
    <testcase name="wallet.brc100.createaction.28" classname="wallet/brc100/createaction" time="0"/>
    <testcase name="wallet.brc100.createaction.29" classname="wallet/brc100/createaction" time="0"/>
    <testcase name="wallet.brc100.createaction.30" classname="wallet/brc100/createaction" time="0"/>
    <testcase name="wallet.brc100.createaction.31" classname="wallet/brc100/createaction" time="0"/>
    <testcase name="wallet.brc100.createaction.32" classname="wallet/brc100/createaction" time="0"/>
    <testcase name="wallet.brc100.createaction.33" classname="wallet/brc100/createaction" time="0"/>
    <testcase name="wallet.brc100.createaction.34" classname="wallet/brc100/createaction" time="0"/>
    <testcase name="wallet.brc100.createaction.35" classname="wallet/brc100/createaction" time="0"/>
    <testcase name="wallet.brc100.createaction.36" classname="wallet/brc100/createaction" time="0"/>
    <testcase name="wallet.brc100.createaction.37" classname="wallet/brc100/createaction" time="0"/>
    <testcase name="wallet.brc100.createaction.38" classname="wallet/brc100/createaction" time="0"/>
    <testcase name="wallet.brc100.createaction.39" classname="wallet/brc100/createaction" time="0"/>
    <testcase name="wallet.brc100.createaction.40" classname="wallet/brc100/createaction" time="0"/>
    <testcase name="wallet.brc100.createaction.41" classname="wallet/brc100/createaction" time="0"/>
    <testcase name="wallet.brc100.createaction.42" classname="wallet/brc100/createaction" time="0"/>
    <testcase name="wallet.brc100.createaction.43" classname="wallet/brc100/createaction" time="0"/>
    <testcase name="wallet.brc100.createaction.44" classname="wallet/brc100/createaction" time="0"/>
    <testcase name="wallet.brc100.createaction.45" classname="wallet/brc100/createaction" time="0"/>
    <testcase name="wallet.brc100.createaction.46" classname="wallet/brc100/createaction" time="0"/>
    <testcase name="wallet.brc100.createaction.47" classname="wallet/brc100/createaction" time="0"/>
    <testcase name="wallet.brc100.createaction.48" classname="wallet/brc100/createaction" time="0"/>
    <testcase name="wallet.brc100.createaction.49" classname="wallet/brc100/createaction" time="0"/>
    <testcase name="wallet.brc100.createaction.50" classname="wallet/brc100/createaction" time="0"/>
    <testcase name="wallet.brc100.createaction.51" classname="wallet/brc100/createaction" time="0"/>
    <testcase name="wallet.brc100.createaction.52" classname="wallet/brc100/createaction" time="0"/>
    <testcase name="wallet.brc100.createaction.53" classname="wallet/brc100/createaction" time="0"/>
    <testcase name="wallet.brc100.createaction.54" classname="wallet/brc100/createaction" time="0"/>
    <testcase name="wallet.brc100.createaction.55" classname="wallet/brc100/createaction" time="0"/>
    <testcase name="wallet.brc100.createaction.56" classname="wallet/brc100/createaction" time="0"/>
    <testcase name="wallet.brc100.createaction.57" classname="wallet/brc100/createaction" time="0"/>
    <testcase name="wallet.brc100.createaction.58" classname="wallet/brc100/createaction" time="0"/>
    <testcase name="wallet.brc100.createaction.59" classname="wallet/brc100/createaction" time="0"/>
    <testcase name="wallet.brc100.createaction.60" classname="wallet/brc100/createaction" time="0"/>
    <testcase name="wallet.brc100.createaction.61" classname="wallet/brc100/createaction" time="0"/>
    <testcase name="wallet.brc100.createaction.62" classname="wallet/brc100/createaction" time="0"/>
    <testcase name="wallet.brc100.createaction.63" classname="wallet/brc100/createaction" time="0"/>
    <testcase name="wallet.brc100.createaction.64" classname="wallet/brc100/createaction" time="0"/>
    <testcase name="wallet.brc100.createaction.65" classname="wallet/brc100/createaction" time="0"/>
    <testcase name="wallet.brc100.createaction.66" classname="wallet/brc100/createaction" time="0"/>
    <testcase name="wallet.brc100.createaction.67" classname="wallet/brc100/createaction" time="0"/>
    <testcase name="wallet.brc100.createaction.68" classname="wallet/brc100/createaction" time="0"/>
    <testcase name="wallet.brc100.createaction.69" classname="wallet/brc100/createaction" time="0"/>
    <testcase name="wallet.brc100.createaction.70" classname="wallet/brc100/createaction" time="0"/>
    <testcase name="wallet.brc100.createaction.71" classname="wallet/brc100/createaction" time="0"/>
    <testcase name="wallet.brc100.createaction.72" classname="wallet/brc100/createaction" time="0"/>
    <testcase name="wallet.brc100.createaction.73" classname="wallet/brc100/createaction" time="0"/>
    <testcase name="wallet.brc100.createaction.74" classname="wallet/brc100/createaction" time="0"/>
    <testcase name="wallet.brc100.createaction.75" classname="wallet/brc100/createaction" time="0"/>
    <testcase name="wallet.brc100.createaction.76" classname="wallet/brc100/createaction" time="0"/>
    <testcase name="wallet.brc100.createaction.77" classname="wallet/brc100/createaction" time="0"/>
    <testcase name="wallet.brc100.createaction.78" classname="wallet/brc100/createaction" time="0"/>
    <testcase name="wallet.brc100.createaction.79" classname="wallet/brc100/createaction" time="0"/>
    <testcase name="wallet.brc100.createaction.80" classname="wallet/brc100/createaction" time="0"/>
    <testcase name="wallet.brc100.createaction.81" classname="wallet/brc100/createaction" time="0"/>
    <testcase name="wallet.brc100.createaction.82" classname="wallet/brc100/createaction" time="0"/>
    <testcase name="wallet.brc100.createaction.83" classname="wallet/brc100/createaction" time="0"/>
    <testcase name="wallet.brc100.createaction.84" classname="wallet/brc100/createaction" time="0"/>
    <testcase name="wallet.brc100.createaction.85" classname="wallet/brc100/createaction" time="0"/>
    <testcase name="wallet.brc100.createaction.86" classname="wallet/brc100/createaction" time="0"/>
    <testcase name="wallet.brc100.createaction.87" classname="wallet/brc100/createaction" time="0"/>
    <testcase name="wallet.brc100.createaction.88" classname="wallet/brc100/createaction" time="0"/>
    <testcase name="wallet.brc100.createaction.89" classname="wallet/brc100/createaction" time="0"/>
    <testcase name="wallet.brc100.createaction.90" classname="wallet/brc100/createaction" time="0"/>
  </testsuite>
  <testsuite name="wallet/brc100/createhmac" tests="36" failures="0" errors="0" skipped="0">
    <testcase name="wallet.brc100.createhmac.1" classname="wallet/brc100/createhmac" time="0"/>
    <testcase name="wallet.brc100.createhmac.2" classname="wallet/brc100/createhmac" time="0"/>
    <testcase name="wallet.brc100.createhmac.3" classname="wallet/brc100/createhmac" time="0"/>
    <testcase name="wallet.brc100.createhmac.4" classname="wallet/brc100/createhmac" time="0"/>
    <testcase name="wallet.brc100.createhmac.5" classname="wallet/brc100/createhmac" time="0"/>
    <testcase name="wallet.brc100.createhmac.6" classname="wallet/brc100/createhmac" time="0"/>
    <testcase name="wallet.brc100.createhmac.7" classname="wallet/brc100/createhmac" time="0"/>
    <testcase name="wallet.brc100.createhmac.8" classname="wallet/brc100/createhmac" time="0"/>
    <testcase name="wallet.brc100.createhmac.9" classname="wallet/brc100/createhmac" time="0"/>
    <testcase name="wallet.brc100.createhmac.10" classname="wallet/brc100/createhmac" time="0"/>
    <testcase name="wallet.brc100.createhmac.11" classname="wallet/brc100/createhmac" time="0"/>
    <testcase name="wallet.brc100.createhmac.12" classname="wallet/brc100/createhmac" time="0"/>
    <testcase name="wallet.brc100.createhmac.13" classname="wallet/brc100/createhmac" time="0"/>
    <testcase name="wallet.brc100.createhmac.14" classname="wallet/brc100/createhmac" time="0"/>
    <testcase name="wallet.brc100.createhmac.15" classname="wallet/brc100/createhmac" time="0"/>
    <testcase name="wallet.brc100.createhmac.16" classname="wallet/brc100/createhmac" time="0"/>
    <testcase name="wallet.brc100.createhmac.17" classname="wallet/brc100/createhmac" time="0"/>
    <testcase name="wallet.brc100.createhmac.18" classname="wallet/brc100/createhmac" time="0"/>
    <testcase name="wallet.brc100.createhmac.19" classname="wallet/brc100/createhmac" time="0"/>
    <testcase name="wallet.brc100.createhmac.20" classname="wallet/brc100/createhmac" time="0"/>
    <testcase name="wallet.brc100.createhmac.21" classname="wallet/brc100/createhmac" time="0"/>
    <testcase name="wallet.brc100.createhmac.22" classname="wallet/brc100/createhmac" time="0"/>
    <testcase name="wallet.brc100.createhmac.23" classname="wallet/brc100/createhmac" time="0"/>
    <testcase name="wallet.brc100.createhmac.24" classname="wallet/brc100/createhmac" time="0"/>
    <testcase name="wallet.brc100.createhmac.25" classname="wallet/brc100/createhmac" time="0"/>
    <testcase name="wallet.brc100.createhmac.26" classname="wallet/brc100/createhmac" time="0"/>
    <testcase name="wallet.brc100.createhmac.27" classname="wallet/brc100/createhmac" time="0"/>
    <testcase name="wallet.brc100.createhmac.28" classname="wallet/brc100/createhmac" time="0"/>
    <testcase name="wallet.brc100.createhmac.29" classname="wallet/brc100/createhmac" time="0"/>
    <testcase name="wallet.brc100.createhmac.30" classname="wallet/brc100/createhmac" time="0"/>
    <testcase name="wallet.brc100.createhmac.31" classname="wallet/brc100/createhmac" time="0"/>
    <testcase name="wallet.brc100.createhmac.32" classname="wallet/brc100/createhmac" time="0"/>
    <testcase name="wallet.brc100.createhmac.33" classname="wallet/brc100/createhmac" time="0"/>
    <testcase name="wallet.brc100.createhmac.34" classname="wallet/brc100/createhmac" time="0"/>
    <testcase name="wallet.brc100.createhmac.35" classname="wallet/brc100/createhmac" time="0"/>
    <testcase name="wallet.brc100.createhmac.36" classname="wallet/brc100/createhmac" time="0"/>
  </testsuite>
  <testsuite name="wallet/brc100/createsignature" tests="36" failures="0" errors="0" skipped="0">
    <testcase name="wallet.brc100.createsignature.1" classname="wallet/brc100/createsignature" time="0"/>
    <testcase name="wallet.brc100.createsignature.2" classname="wallet/brc100/createsignature" time="0"/>
    <testcase name="wallet.brc100.createsignature.3" classname="wallet/brc100/createsignature" time="0"/>
    <testcase name="wallet.brc100.createsignature.4" classname="wallet/brc100/createsignature" time="0"/>
    <testcase name="wallet.brc100.createsignature.5" classname="wallet/brc100/createsignature" time="0"/>
    <testcase name="wallet.brc100.createsignature.6" classname="wallet/brc100/createsignature" time="0"/>
    <testcase name="wallet.brc100.createsignature.7" classname="wallet/brc100/createsignature" time="0"/>
    <testcase name="wallet.brc100.createsignature.8" classname="wallet/brc100/createsignature" time="0"/>
    <testcase name="wallet.brc100.createsignature.9" classname="wallet/brc100/createsignature" time="0"/>
    <testcase name="wallet.brc100.createsignature.10" classname="wallet/brc100/createsignature" time="0"/>
    <testcase name="wallet.brc100.createsignature.11" classname="wallet/brc100/createsignature" time="0"/>
    <testcase name="wallet.brc100.createsignature.12" classname="wallet/brc100/createsignature" time="0"/>
    <testcase name="wallet.brc100.createsignature.13" classname="wallet/brc100/createsignature" time="0"/>
    <testcase name="wallet.brc100.createsignature.14" classname="wallet/brc100/createsignature" time="0"/>
    <testcase name="wallet.brc100.createsignature.15" classname="wallet/brc100/createsignature" time="0"/>
    <testcase name="wallet.brc100.createsignature.16" classname="wallet/brc100/createsignature" time="0"/>
    <testcase name="wallet.brc100.createsignature.17" classname="wallet/brc100/createsignature" time="0"/>
    <testcase name="wallet.brc100.createsignature.18" classname="wallet/brc100/createsignature" time="0"/>
    <testcase name="wallet.brc100.createsignature.19" classname="wallet/brc100/createsignature" time="0"/>
    <testcase name="wallet.brc100.createsignature.20" classname="wallet/brc100/createsignature" time="0"/>
    <testcase name="wallet.brc100.createsignature.21" classname="wallet/brc100/createsignature" time="0"/>
    <testcase name="wallet.brc100.createsignature.22" classname="wallet/brc100/createsignature" time="0"/>
    <testcase name="wallet.brc100.createsignature.23" classname="wallet/brc100/createsignature" time="0"/>
    <testcase name="wallet.brc100.createsignature.24" classname="wallet/brc100/createsignature" time="0"/>
    <testcase name="wallet.brc100.createsignature.25" classname="wallet/brc100/createsignature" time="0"/>
    <testcase name="wallet.brc100.createsignature.26" classname="wallet/brc100/createsignature" time="0"/>
    <testcase name="wallet.brc100.createsignature.27" classname="wallet/brc100/createsignature" time="0"/>
    <testcase name="wallet.brc100.createsignature.28" classname="wallet/brc100/createsignature" time="0"/>
    <testcase name="wallet.brc100.createsignature.29" classname="wallet/brc100/createsignature" time="0"/>
    <testcase name="wallet.brc100.createsignature.30" classname="wallet/brc100/createsignature" time="0"/>
    <testcase name="wallet.brc100.createsignature.31" classname="wallet/brc100/createsignature" time="0"/>
    <testcase name="wallet.brc100.createsignature.32" classname="wallet/brc100/createsignature" time="0"/>
    <testcase name="wallet.brc100.createsignature.33" classname="wallet/brc100/createsignature" time="0"/>
    <testcase name="wallet.brc100.createsignature.34" classname="wallet/brc100/createsignature" time="0"/>
    <testcase name="wallet.brc100.createsignature.35" classname="wallet/brc100/createsignature" time="0"/>
    <testcase name="wallet.brc100.createsignature.36" classname="wallet/brc100/createsignature" time="0"/>
  </testsuite>
  <testsuite name="wallet/brc100/decrypt" tests="51" failures="0" errors="0" skipped="0">
    <testcase name="wallet.brc100.decrypt.1" classname="wallet/brc100/decrypt" time="0"/>
    <testcase name="wallet.brc100.decrypt.2" classname="wallet/brc100/decrypt" time="0"/>
    <testcase name="wallet.brc100.decrypt.3" classname="wallet/brc100/decrypt" time="0"/>
    <testcase name="wallet.brc100.decrypt.4" classname="wallet/brc100/decrypt" time="0"/>
    <testcase name="wallet.brc100.decrypt.5" classname="wallet/brc100/decrypt" time="0"/>
    <testcase name="wallet.brc100.decrypt.6" classname="wallet/brc100/decrypt" time="0"/>
    <testcase name="wallet.brc100.decrypt.7" classname="wallet/brc100/decrypt" time="0"/>
    <testcase name="wallet.brc100.decrypt.8" classname="wallet/brc100/decrypt" time="0"/>
    <testcase name="wallet.brc100.decrypt.9" classname="wallet/brc100/decrypt" time="0"/>
    <testcase name="wallet.brc100.decrypt.10" classname="wallet/brc100/decrypt" time="0"/>
    <testcase name="wallet.brc100.decrypt.11" classname="wallet/brc100/decrypt" time="0"/>
    <testcase name="wallet.brc100.decrypt.12" classname="wallet/brc100/decrypt" time="0"/>
    <testcase name="wallet.brc100.decrypt.13" classname="wallet/brc100/decrypt" time="0"/>
    <testcase name="wallet.brc100.decrypt.14" classname="wallet/brc100/decrypt" time="0"/>
    <testcase name="wallet.brc100.decrypt.15" classname="wallet/brc100/decrypt" time="0"/>
    <testcase name="wallet.brc100.decrypt.16" classname="wallet/brc100/decrypt" time="0"/>
    <testcase name="wallet.brc100.decrypt.17" classname="wallet/brc100/decrypt" time="0"/>
    <testcase name="wallet.brc100.decrypt.18" classname="wallet/brc100/decrypt" time="0"/>
    <testcase name="wallet.brc100.decrypt.19" classname="wallet/brc100/decrypt" time="0"/>
    <testcase name="wallet.brc100.decrypt.20" classname="wallet/brc100/decrypt" time="0"/>
    <testcase name="wallet.brc100.decrypt.21" classname="wallet/brc100/decrypt" time="0"/>
    <testcase name="wallet.brc100.decrypt.22" classname="wallet/brc100/decrypt" time="0"/>
    <testcase name="wallet.brc100.decrypt.23" classname="wallet/brc100/decrypt" time="0"/>
    <testcase name="wallet.brc100.decrypt.24" classname="wallet/brc100/decrypt" time="0"/>
    <testcase name="wallet.brc100.decrypt.25" classname="wallet/brc100/decrypt" time="0"/>
    <testcase name="wallet.brc100.decrypt.26" classname="wallet/brc100/decrypt" time="0"/>
    <testcase name="wallet.brc100.decrypt.27" classname="wallet/brc100/decrypt" time="0"/>
    <testcase name="wallet.brc100.decrypt.28" classname="wallet/brc100/decrypt" time="0"/>
    <testcase name="wallet.brc100.decrypt.29" classname="wallet/brc100/decrypt" time="0"/>
    <testcase name="wallet.brc100.decrypt.30" classname="wallet/brc100/decrypt" time="0"/>
    <testcase name="wallet.brc100.decrypt.31" classname="wallet/brc100/decrypt" time="0"/>
    <testcase name="wallet.brc100.decrypt.32" classname="wallet/brc100/decrypt" time="0"/>
    <testcase name="wallet.brc100.decrypt.33" classname="wallet/brc100/decrypt" time="0"/>
    <testcase name="wallet.brc100.decrypt.34" classname="wallet/brc100/decrypt" time="0"/>
    <testcase name="wallet.brc100.decrypt.35" classname="wallet/brc100/decrypt" time="0"/>
    <testcase name="wallet.brc100.decrypt.36" classname="wallet/brc100/decrypt" time="0"/>
    <testcase name="wallet.brc100.decrypt.37" classname="wallet/brc100/decrypt" time="0"/>
    <testcase name="wallet.brc100.decrypt.38" classname="wallet/brc100/decrypt" time="0"/>
    <testcase name="wallet.brc100.decrypt.39" classname="wallet/brc100/decrypt" time="0"/>
    <testcase name="wallet.brc100.decrypt.40" classname="wallet/brc100/decrypt" time="0"/>
    <testcase name="wallet.brc100.decrypt.41" classname="wallet/brc100/decrypt" time="0"/>
    <testcase name="wallet.brc100.decrypt.42" classname="wallet/brc100/decrypt" time="0"/>
    <testcase name="wallet.brc100.decrypt.43" classname="wallet/brc100/decrypt" time="0"/>
    <testcase name="wallet.brc100.decrypt.44" classname="wallet/brc100/decrypt" time="0"/>
    <testcase name="wallet.brc100.decrypt.45" classname="wallet/brc100/decrypt" time="0"/>
    <testcase name="wallet.brc100.decrypt.46" classname="wallet/brc100/decrypt" time="0"/>
    <testcase name="wallet.brc100.decrypt.47" classname="wallet/brc100/decrypt" time="0"/>
    <testcase name="wallet.brc100.decrypt.48" classname="wallet/brc100/decrypt" time="0"/>
    <testcase name="wallet.brc100.decrypt.49" classname="wallet/brc100/decrypt" time="0"/>
    <testcase name="wallet.brc100.decrypt.50" classname="wallet/brc100/decrypt" time="0"/>
    <testcase name="wallet.brc100.decrypt.51" classname="wallet/brc100/decrypt" time="0"/>
  </testsuite>
  <testsuite name="wallet/brc100/discoverbyattributes" tests="10" failures="0" errors="0" skipped="0">
    <testcase name="wallet.brc100.discoverbyattributes.1" classname="wallet/brc100/discoverbyattributes" time="0"/>
    <testcase name="wallet.brc100.discoverbyattributes.2" classname="wallet/brc100/discoverbyattributes" time="0"/>
    <testcase name="wallet.brc100.discoverbyattributes.3" classname="wallet/brc100/discoverbyattributes" time="0"/>
    <testcase name="wallet.brc100.discoverbyattributes.4" classname="wallet/brc100/discoverbyattributes" time="0"/>
    <testcase name="wallet.brc100.discoverbyattributes.5" classname="wallet/brc100/discoverbyattributes" time="0"/>
    <testcase name="wallet.brc100.discoverbyattributes.6" classname="wallet/brc100/discoverbyattributes" time="0"/>
    <testcase name="wallet.brc100.discoverbyattributes.7" classname="wallet/brc100/discoverbyattributes" time="0"/>
    <testcase name="wallet.brc100.discoverbyattributes.8" classname="wallet/brc100/discoverbyattributes" time="0"/>
    <testcase name="wallet.brc100.discoverbyattributes.9" classname="wallet/brc100/discoverbyattributes" time="0"/>
    <testcase name="wallet.brc100.discoverbyattributes.10" classname="wallet/brc100/discoverbyattributes" time="0"/>
  </testsuite>
  <testsuite name="wallet/brc100/discoverbyidentitykey" tests="10" failures="0" errors="0" skipped="0">
    <testcase name="wallet.brc100.discoverbyidentitykey.1" classname="wallet/brc100/discoverbyidentitykey" time="0"/>
    <testcase name="wallet.brc100.discoverbyidentitykey.2" classname="wallet/brc100/discoverbyidentitykey" time="0"/>
    <testcase name="wallet.brc100.discoverbyidentitykey.3" classname="wallet/brc100/discoverbyidentitykey" time="0"/>
    <testcase name="wallet.brc100.discoverbyidentitykey.4" classname="wallet/brc100/discoverbyidentitykey" time="0"/>
    <testcase name="wallet.brc100.discoverbyidentitykey.5" classname="wallet/brc100/discoverbyidentitykey" time="0"/>
    <testcase name="wallet.brc100.discoverbyidentitykey.6" classname="wallet/brc100/discoverbyidentitykey" time="0"/>
    <testcase name="wallet.brc100.discoverbyidentitykey.7" classname="wallet/brc100/discoverbyidentitykey" time="0"/>
    <testcase name="wallet.brc100.discoverbyidentitykey.8" classname="wallet/brc100/discoverbyidentitykey" time="0"/>
    <testcase name="wallet.brc100.discoverbyidentitykey.9" classname="wallet/brc100/discoverbyidentitykey" time="0"/>
    <testcase name="wallet.brc100.discoverbyidentitykey.10" classname="wallet/brc100/discoverbyidentitykey" time="0"/>
  </testsuite>
  <testsuite name="wallet/brc100/encrypt" tests="36" failures="0" errors="0" skipped="0">
    <testcase name="wallet.brc100.encrypt.1" classname="wallet/brc100/encrypt" time="0"/>
    <testcase name="wallet.brc100.encrypt.2" classname="wallet/brc100/encrypt" time="0"/>
    <testcase name="wallet.brc100.encrypt.3" classname="wallet/brc100/encrypt" time="0"/>
    <testcase name="wallet.brc100.encrypt.4" classname="wallet/brc100/encrypt" time="0"/>
    <testcase name="wallet.brc100.encrypt.5" classname="wallet/brc100/encrypt" time="0"/>
    <testcase name="wallet.brc100.encrypt.6" classname="wallet/brc100/encrypt" time="0"/>
    <testcase name="wallet.brc100.encrypt.7" classname="wallet/brc100/encrypt" time="0"/>
    <testcase name="wallet.brc100.encrypt.8" classname="wallet/brc100/encrypt" time="0"/>
    <testcase name="wallet.brc100.encrypt.9" classname="wallet/brc100/encrypt" time="0"/>
    <testcase name="wallet.brc100.encrypt.10" classname="wallet/brc100/encrypt" time="0"/>
    <testcase name="wallet.brc100.encrypt.11" classname="wallet/brc100/encrypt" time="0"/>
    <testcase name="wallet.brc100.encrypt.12" classname="wallet/brc100/encrypt" time="0"/>
    <testcase name="wallet.brc100.encrypt.13" classname="wallet/brc100/encrypt" time="0"/>
    <testcase name="wallet.brc100.encrypt.14" classname="wallet/brc100/encrypt" time="0"/>
    <testcase name="wallet.brc100.encrypt.15" classname="wallet/brc100/encrypt" time="0"/>
    <testcase name="wallet.brc100.encrypt.16" classname="wallet/brc100/encrypt" time="0"/>
    <testcase name="wallet.brc100.encrypt.17" classname="wallet/brc100/encrypt" time="0"/>
    <testcase name="wallet.brc100.encrypt.18" classname="wallet/brc100/encrypt" time="0"/>
    <testcase name="wallet.brc100.encrypt.19" classname="wallet/brc100/encrypt" time="0"/>
    <testcase name="wallet.brc100.encrypt.20" classname="wallet/brc100/encrypt" time="0"/>
    <testcase name="wallet.brc100.encrypt.21" classname="wallet/brc100/encrypt" time="0"/>
    <testcase name="wallet.brc100.encrypt.22" classname="wallet/brc100/encrypt" time="0"/>
    <testcase name="wallet.brc100.encrypt.23" classname="wallet/brc100/encrypt" time="0"/>
    <testcase name="wallet.brc100.encrypt.24" classname="wallet/brc100/encrypt" time="0"/>
    <testcase name="wallet.brc100.encrypt.25" classname="wallet/brc100/encrypt" time="0"/>
    <testcase name="wallet.brc100.encrypt.26" classname="wallet/brc100/encrypt" time="0"/>
    <testcase name="wallet.brc100.encrypt.27" classname="wallet/brc100/encrypt" time="0"/>
    <testcase name="wallet.brc100.encrypt.28" classname="wallet/brc100/encrypt" time="0"/>
    <testcase name="wallet.brc100.encrypt.29" classname="wallet/brc100/encrypt" time="0"/>
    <testcase name="wallet.brc100.encrypt.30" classname="wallet/brc100/encrypt" time="0"/>
    <testcase name="wallet.brc100.encrypt.31" classname="wallet/brc100/encrypt" time="0"/>
    <testcase name="wallet.brc100.encrypt.32" classname="wallet/brc100/encrypt" time="0"/>
    <testcase name="wallet.brc100.encrypt.33" classname="wallet/brc100/encrypt" time="0"/>
    <testcase name="wallet.brc100.encrypt.34" classname="wallet/brc100/encrypt" time="0"/>
[...]
    <testcase name="wallet.brc100.verifyhmac.18" classname="wallet/brc100/verifyhmac" time="0"/>
    <testcase name="wallet.brc100.verifyhmac.19" classname="wallet/brc100/verifyhmac" time="0"/>
    <testcase name="wallet.brc100.verifyhmac.20" classname="wallet/brc100/verifyhmac" time="0"/>
    <testcase name="wallet.brc100.verifyhmac.21" classname="wallet/brc100/verifyhmac" time="0"/>
    <testcase name="wallet.brc100.verifyhmac.22" classname="wallet/brc100/verifyhmac" time="0"/>
    <testcase name="wallet.brc100.verifyhmac.23" classname="wallet/brc100/verifyhmac" time="0"/>
    <testcase name="wallet.brc100.verifyhmac.24" classname="wallet/brc100/verifyhmac" time="0"/>
    <testcase name="wallet.brc100.verifyhmac.25" classname="wallet/brc100/verifyhmac" time="0"/>
    <testcase name="wallet.brc100.verifyhmac.26" classname="wallet/brc100/verifyhmac" time="0"/>
    <testcase name="wallet.brc100.verifyhmac.27" classname="wallet/brc100/verifyhmac" time="0"/>
    <testcase name="wallet.brc100.verifyhmac.28" classname="wallet/brc100/verifyhmac" time="0"/>
    <testcase name="wallet.brc100.verifyhmac.29" classname="wallet/brc100/verifyhmac" time="0"/>
    <testcase name="wallet.brc100.verifyhmac.30" classname="wallet/brc100/verifyhmac" time="0"/>
    <testcase name="wallet.brc100.verifyhmac.31" classname="wallet/brc100/verifyhmac" time="0"/>
    <testcase name="wallet.brc100.verifyhmac.32" classname="wallet/brc100/verifyhmac" time="0"/>
    <testcase name="wallet.brc100.verifyhmac.33" classname="wallet/brc100/verifyhmac" time="0"/>
    <testcase name="wallet.brc100.verifyhmac.34" classname="wallet/brc100/verifyhmac" time="0"/>
    <testcase name="wallet.brc100.verifyhmac.35" classname="wallet/brc100/verifyhmac" time="0"/>
    <testcase name="wallet.brc100.verifyhmac.36" classname="wallet/brc100/verifyhmac" time="0"/>
    <testcase name="wallet.brc100.verifyhmac.37" classname="wallet/brc100/verifyhmac" time="0"/>
    <testcase name="wallet.brc100.verifyhmac.38" classname="wallet/brc100/verifyhmac" time="0"/>
    <testcase name="wallet.brc100.verifyhmac.39" classname="wallet/brc100/verifyhmac" time="0"/>
    <testcase name="wallet.brc100.verifyhmac.40" classname="wallet/brc100/verifyhmac" time="0"/>
    <testcase name="wallet.brc100.verifyhmac.41" classname="wallet/brc100/verifyhmac" time="0"/>
    <testcase name="wallet.brc100.verifyhmac.42" classname="wallet/brc100/verifyhmac" time="0"/>
    <testcase name="wallet.brc100.verifyhmac.43" classname="wallet/brc100/verifyhmac" time="0"/>
    <testcase name="wallet.brc100.verifyhmac.44" classname="wallet/brc100/verifyhmac" time="0"/>
    <testcase name="wallet.brc100.verifyhmac.45" classname="wallet/brc100/verifyhmac" time="0"/>
    <testcase name="wallet.brc100.verifyhmac.46" classname="wallet/brc100/verifyhmac" time="0"/>
    <testcase name="wallet.brc100.verifyhmac.47" classname="wallet/brc100/verifyhmac" time="0"/>
    <testcase name="wallet.brc100.verifyhmac.48" classname="wallet/brc100/verifyhmac" time="0"/>
    <testcase name="wallet.brc100.verifyhmac.49" classname="wallet/brc100/verifyhmac" time="0"/>
    <testcase name="wallet.brc100.verifyhmac.50" classname="wallet/brc100/verifyhmac" time="0"/>
    <testcase name="wallet.brc100.verifyhmac.51" classname="wallet/brc100/verifyhmac" time="0"/>
    <testcase name="wallet.brc100.verifyhmac.52" classname="wallet/brc100/verifyhmac" time="0"/>
    <testcase name="wallet.brc100.verifyhmac.53" classname="wallet/brc100/verifyhmac" time="0"/>
    <testcase name="wallet.brc100.verifyhmac.54" classname="wallet/brc100/verifyhmac" time="0"/>
    <testcase name="wallet.brc100.verifyhmac.55" classname="wallet/brc100/verifyhmac" time="0"/>
    <testcase name="wallet.brc100.verifyhmac.56" classname="wallet/brc100/verifyhmac" time="0"/>
    <testcase name="wallet.brc100.verifyhmac.57" classname="wallet/brc100/verifyhmac" time="0"/>
    <testcase name="wallet.brc100.verifyhmac.58" classname="wallet/brc100/verifyhmac" time="0"/>
    <testcase name="wallet.brc100.verifyhmac.59" classname="wallet/brc100/verifyhmac" time="0"/>
    <testcase name="wallet.brc100.verifyhmac.60" classname="wallet/brc100/verifyhmac" time="0"/>
    <testcase name="wallet.brc100.verifyhmac.61" classname="wallet/brc100/verifyhmac" time="0"/>
    <testcase name="wallet.brc100.verifyhmac.62" classname="wallet/brc100/verifyhmac" time="0"/>
    <testcase name="wallet.brc100.verifyhmac.63" classname="wallet/brc100/verifyhmac" time="0"/>
    <testcase name="wallet.brc100.verifyhmac.64" classname="wallet/brc100/verifyhmac" time="0"/>
    <testcase name="wallet.brc100.verifyhmac.65" classname="wallet/brc100/verifyhmac" time="0"/>
    <testcase name="wallet.brc100.verifyhmac.66" classname="wallet/brc100/verifyhmac" time="0"/>
    <testcase name="wallet.brc100.verifyhmac.67" classname="wallet/brc100/verifyhmac" time="0"/>
    <testcase name="wallet.brc100.verifyhmac.68" classname="wallet/brc100/verifyhmac" time="0"/>
    <testcase name="wallet.brc100.verifyhmac.69" classname="wallet/brc100/verifyhmac" time="0"/>
    <testcase name="wallet.brc100.verifyhmac.70" classname="wallet/brc100/verifyhmac" time="0"/>
  </testsuite>
  <testsuite name="wallet/brc100/verifysignature" tests="81" failures="0" errors="0" skipped="0">
    <testcase name="wallet.brc100.verifysignature.1" classname="wallet/brc100/verifysignature" time="0"/>
    <testcase name="wallet.brc100.verifysignature.2" classname="wallet/brc100/verifysignature" time="0"/>
    <testcase name="wallet.brc100.verifysignature.3" classname="wallet/brc100/verifysignature" time="0"/>
    <testcase name="wallet.brc100.verifysignature.4" classname="wallet/brc100/verifysignature" time="0"/>
    <testcase name="wallet.brc100.verifysignature.5" classname="wallet/brc100/verifysignature" time="0"/>
    <testcase name="wallet.brc100.verifysignature.6" classname="wallet/brc100/verifysignature" time="0"/>
    <testcase name="wallet.brc100.verifysignature.7" classname="wallet/brc100/verifysignature" time="0"/>
    <testcase name="wallet.brc100.verifysignature.8" classname="wallet/brc100/verifysignature" time="0"/>
    <testcase name="wallet.brc100.verifysignature.9" classname="wallet/brc100/verifysignature" time="0"/>
    <testcase name="wallet.brc100.verifysignature.10" classname="wallet/brc100/verifysignature" time="0"/>
    <testcase name="wallet.brc100.verifysignature.11" classname="wallet/brc100/verifysignature" time="0"/>
    <testcase name="wallet.brc100.verifysignature.12" classname="wallet/brc100/verifysignature" time="0"/>
    <testcase name="wallet.brc100.verifysignature.13" classname="wallet/brc100/verifysignature" time="0"/>
    <testcase name="wallet.brc100.verifysignature.14" classname="wallet/brc100/verifysignature" time="0"/>
    <testcase name="wallet.brc100.verifysignature.15" classname="wallet/brc100/verifysignature" time="0"/>
    <testcase name="wallet.brc100.verifysignature.16" classname="wallet/brc100/verifysignature" time="0"/>
    <testcase name="wallet.brc100.verifysignature.17" classname="wallet/brc100/verifysignature" time="0"/>
    <testcase name="wallet.brc100.verifysignature.18" classname="wallet/brc100/verifysignature" time="0"/>
    <testcase name="wallet.brc100.verifysignature.19" classname="wallet/brc100/verifysignature" time="0"/>
    <testcase name="wallet.brc100.verifysignature.20" classname="wallet/brc100/verifysignature" time="0"/>
    <testcase name="wallet.brc100.verifysignature.21" classname="wallet/brc100/verifysignature" time="0"/>
    <testcase name="wallet.brc100.verifysignature.22" classname="wallet/brc100/verifysignature" time="0"/>
    <testcase name="wallet.brc100.verifysignature.23" classname="wallet/brc100/verifysignature" time="0"/>
    <testcase name="wallet.brc100.verifysignature.24" classname="wallet/brc100/verifysignature" time="0"/>
    <testcase name="wallet.brc100.verifysignature.25" classname="wallet/brc100/verifysignature" time="0"/>
    <testcase name="wallet.brc100.verifysignature.26" classname="wallet/brc100/verifysignature" time="0"/>
    <testcase name="wallet.brc100.verifysignature.27" classname="wallet/brc100/verifysignature" time="0"/>
    <testcase name="wallet.brc100.verifysignature.28" classname="wallet/brc100/verifysignature" time="0"/>
    <testcase name="wallet.brc100.verifysignature.29" classname="wallet/brc100/verifysignature" time="0"/>
    <testcase name="wallet.brc100.verifysignature.30" classname="wallet/brc100/verifysignature" time="0"/>
    <testcase name="wallet.brc100.verifysignature.31" classname="wallet/brc100/verifysignature" time="0"/>
    <testcase name="wallet.brc100.verifysignature.32" classname="wallet/brc100/verifysignature" time="0"/>
    <testcase name="wallet.brc100.verifysignature.33" classname="wallet/brc100/verifysignature" time="0"/>
    <testcase name="wallet.brc100.verifysignature.34" classname="wallet/brc100/verifysignature" time="0"/>
    <testcase name="wallet.brc100.verifysignature.35" classname="wallet/brc100/verifysignature" time="0"/>
    <testcase name="wallet.brc100.verifysignature.36" classname="wallet/brc100/verifysignature" time="0"/>
    <testcase name="wallet.brc100.verifysignature.37" classname="wallet/brc100/verifysignature" time="0"/>
    <testcase name="wallet.brc100.verifysignature.38" classname="wallet/brc100/verifysignature" time="0"/>
    <testcase name="wallet.brc100.verifysignature.39" classname="wallet/brc100/verifysignature" time="0"/>
    <testcase name="wallet.brc100.verifysignature.40" classname="wallet/brc100/verifysignature" time="0"/>
    <testcase name="wallet.brc100.verifysignature.41" classname="wallet/brc100/verifysignature" time="0"/>
    <testcase name="wallet.brc100.verifysignature.42" classname="wallet/brc100/verifysignature" time="0"/>
    <testcase name="wallet.brc100.verifysignature.43" classname="wallet/brc100/verifysignature" time="0"/>
    <testcase name="wallet.brc100.verifysignature.44" classname="wallet/brc100/verifysignature" time="0"/>
    <testcase name="wallet.brc100.verifysignature.45" classname="wallet/brc100/verifysignature" time="0"/>
    <testcase name="wallet.brc100.verifysignature.46" classname="wallet/brc100/verifysignature" time="0"/>
    <testcase name="wallet.brc100.verifysignature.47" classname="wallet/brc100/verifysignature" time="0"/>
    <testcase name="wallet.brc100.verifysignature.48" classname="wallet/brc100/verifysignature" time="0"/>
    <testcase name="wallet.brc100.verifysignature.49" classname="wallet/brc100/verifysignature" time="0"/>
    <testcase name="wallet.brc100.verifysignature.50" classname="wallet/brc100/verifysignature" time="0"/>
    <testcase name="wallet.brc100.verifysignature.51" classname="wallet/brc100/verifysignature" time="0"/>
    <testcase name="wallet.brc100.verifysignature.52" classname="wallet/brc100/verifysignature" time="0"/>
    <testcase name="wallet.brc100.verifysignature.53" classname="wallet/brc100/verifysignature" time="0"/>
    <testcase name="wallet.brc100.verifysignature.54" classname="wallet/brc100/verifysignature" time="0"/>
    <testcase name="wallet.brc100.verifysignature.55" classname="wallet/brc100/verifysignature" time="0"/>
    <testcase name="wallet.brc100.verifysignature.56" classname="wallet/brc100/verifysignature" time="0"/>
    <testcase name="wallet.brc100.verifysignature.57" classname="wallet/brc100/verifysignature" time="0"/>
    <testcase name="wallet.brc100.verifysignature.58" classname="wallet/brc100/verifysignature" time="0"/>
    <testcase name="wallet.brc100.verifysignature.59" classname="wallet/brc100/verifysignature" time="0"/>
    <testcase name="wallet.brc100.verifysignature.60" classname="wallet/brc100/verifysignature" time="0"/>
    <testcase name="wallet.brc100.verifysignature.61" classname="wallet/brc100/verifysignature" time="0"/>
    <testcase name="wallet.brc100.verifysignature.62" classname="wallet/brc100/verifysignature" time="0"/>
    <testcase name="wallet.brc100.verifysignature.63" classname="wallet/brc100/verifysignature" time="0"/>
    <testcase name="wallet.brc100.verifysignature.64" classname="wallet/brc100/verifysignature" time="0"/>
    <testcase name="wallet.brc100.verifysignature.65" classname="wallet/brc100/verifysignature" time="0"/>
    <testcase name="wallet.brc100.verifysignature.66" classname="wallet/brc100/verifysignature" time="0"/>
    <testcase name="wallet.brc100.verifysignature.67" classname="wallet/brc100/verifysignature" time="0"/>
    <testcase name="wallet.brc100.verifysignature.68" classname="wallet/brc100/verifysignature" time="0"/>
    <testcase name="wallet.brc100.verifysignature.69" classname="wallet/brc100/verifysignature" time="0"/>
    <testcase name="wallet.brc100.verifysignature.70" classname="wallet/brc100/verifysignature" time="0"/>
    <testcase name="wallet.brc100.verifysignature.71" classname="wallet/brc100/verifysignature" time="0"/>
    <testcase name="wallet.brc100.verifysignature.72" classname="wallet/brc100/verifysignature" time="0"/>
    <testcase name="wallet.brc100.verifysignature.73" classname="wallet/brc100/verifysignature" time="0"/>
    <testcase name="wallet.brc100.verifysignature.74" classname="wallet/brc100/verifysignature" time="0"/>
    <testcase name="wallet.brc100.verifysignature.75" classname="wallet/brc100/verifysignature" time="0"/>
    <testcase name="wallet.brc100.verifysignature.76" classname="wallet/brc100/verifysignature" time="0"/>
    <testcase name="wallet.brc100.verifysignature.77" classname="wallet/brc100/verifysignature" time="0"/>
    <testcase name="wallet.brc100.verifysignature.78" classname="wallet/brc100/verifysignature" time="0"/>
    <testcase name="wallet.brc100.verifysignature.79" classname="wallet/brc100/verifysignature" time="0"/>
    <testcase name="wallet.brc100.verifysignature.80" classname="wallet/brc100/verifysignature" time="0"/>
    <testcase name="wallet.brc100.verifysignature.81" classname="wallet/brc100/verifysignature" time="0"/>
  </testsuite>
  <testsuite name="wallet/brc100/waitforauthentication" tests="5" failures="0" errors="0" skipped="0">
    <testcase name="wallet.brc100.waitforauthentication.1" classname="wallet/brc100/waitforauthentication" time="0"/>
    <testcase name="wallet.brc100.waitforauthentication.2" classname="wallet/brc100/waitforauthentication" time="0"/>
    <testcase name="wallet.brc100.waitforauthentication.3" classname="wallet/brc100/waitforauthentication" time="0"/>
    <testcase name="wallet.brc100.waitforauthentication.4" classname="wallet/brc100/waitforauthentication" time="0"/>
    <testcase name="wallet.brc100.waitforauthentication.5" classname="wallet/brc100/waitforauthentication" time="0"/>
  </testsuite>
  <testsuite name="wallet/brc29/payment-derivation" tests="27" failures="0" errors="0" skipped="0">
    <testcase name="wallet.brc29.payment-derivation.1" classname="wallet/brc29/payment-derivation" time="0"/>
    <testcase name="wallet.brc29.payment-derivation.2" classname="wallet/brc29/payment-derivation" time="0"/>
    <testcase name="wallet.brc29.payment-derivation.3" classname="wallet/brc29/payment-derivation" time="0"/>
    <testcase name="wallet.brc29.payment-derivation.4" classname="wallet/brc29/payment-derivation" time="0"/>
    <testcase name="wallet.brc29.payment-derivation.5" classname="wallet/brc29/payment-derivation" time="0"/>
    <testcase name="wallet.brc29.payment-derivation.6" classname="wallet/brc29/payment-derivation" time="0"/>
    <testcase name="wallet.brc29.payment-derivation.7" classname="wallet/brc29/payment-derivation" time="0"/>
    <testcase name="wallet.brc29.payment-derivation.8" classname="wallet/brc29/payment-derivation" time="0"/>
    <testcase name="wallet.brc29.payment-derivation.9" classname="wallet/brc29/payment-derivation" time="0"/>
    <testcase name="wallet.brc29.payment-derivation.10" classname="wallet/brc29/payment-derivation" time="0"/>
    <testcase name="wallet.brc29.payment-derivation.11" classname="wallet/brc29/payment-derivation" time="0"/>
    <testcase name="wallet.brc29.payment-derivation.12" classname="wallet/brc29/payment-derivation" time="0"/>
    <testcase name="wallet.brc29.payment-derivation.13" classname="wallet/brc29/payment-derivation" time="0"/>
    <testcase name="wallet.brc29.payment-derivation.14" classname="wallet/brc29/payment-derivation" time="0"/>
    <testcase name="wallet.brc29.payment-derivation.15" classname="wallet/brc29/payment-derivation" time="0"/>
    <testcase name="wallet.brc29.payment-derivation.16" classname="wallet/brc29/payment-derivation" time="0"/>
    <testcase name="wallet.brc29.payment-derivation.17" classname="wallet/brc29/payment-derivation" time="0"/>
    <testcase name="wallet.brc29.payment-derivation.18" classname="wallet/brc29/payment-derivation" time="0"/>
    <testcase name="wallet.brc29.payment-derivation.19" classname="wallet/brc29/payment-derivation" time="0"/>
    <testcase name="wallet.brc29.payment-derivation.20" classname="wallet/brc29/payment-derivation" time="0"/>
    <testcase name="wallet.brc29.payment-derivation.21" classname="wallet/brc29/payment-derivation" time="0"/>
    <testcase name="wallet.brc29.payment-derivation.22" classname="wallet/brc29/payment-derivation" time="0"/>
    <testcase name="wallet.brc29.payment-derivation.23" classname="wallet/brc29/payment-derivation" time="0"/>
    <testcase name="wallet.brc29.payment-derivation.24" classname="wallet/brc29/payment-derivation" time="0"/>
    <testcase name="wallet.brc29.payment-derivation.25" classname="wallet/brc29/payment-derivation" time="0"/>
    <testcase name="wallet.brc29.payment-derivation.26" classname="wallet/brc29/payment-derivation" time="0"/>
    <testcase name="wallet.brc29.payment-derivation.27" classname="wallet/brc29/payment-derivation" time="0"/>
  </testsuite>
  <testsuite name="wallet/storage/adapter-conformance" tests="18" failures="0" errors="0" skipped="0">
    <testcase name="wallet.storage.adapterconformance.1" classname="wallet/storage/adapter-conformance" time="0"/>
    <testcase name="wallet.storage.adapterconformance.2" classname="wallet/storage/adapter-conformance" time="0"/>
    <testcase name="wallet.storage.adapterconformance.3" classname="wallet/storage/adapter-conformance" time="0"/>
    <testcase name="wallet.storage.adapterconformance.4" classname="wallet/storage/adapter-conformance" time="0"/>
    <testcase name="wallet.storage.adapterconformance.5" classname="wallet/storage/adapter-conformance" time="0"/>
    <testcase name="wallet.storage.adapterconformance.6" classname="wallet/storage/adapter-conformance" time="0"/>
    <testcase name="wallet.storage.adapterconformance.7" classname="wallet/storage/adapter-conformance" time="0"/>
    <testcase name="wallet.storage.adapterconformance.8" classname="wallet/storage/adapter-conformance" time="0"/>
    <testcase name="wallet.storage.adapterconformance.9" classname="wallet/storage/adapter-conformance" time="0"/>
    <testcase name="wallet.storage.adapterconformance.10" classname="wallet/storage/adapter-conformance" time="0"/>
    <testcase name="wallet.storage.adapterconformance.11" classname="wallet/storage/adapter-conformance" time="0"/>
    <testcase name="wallet.storage.adapterconformance.12" classname="wallet/storage/adapter-conformance" time="0"/>
    <testcase name="wallet.storage.adapterconformance.13" classname="wallet/storage/adapter-conformance" time="0"/>
    <testcase name="wallet.storage.adapterconformance.14" classname="wallet/storage/adapter-conformance" time="0"/>
    <testcase name="wallet.storage.adapterconformance.15" classname="wallet/storage/adapter-conformance" time="0"/>
    <testcase name="wallet.storage.adapterconformance.16" classname="wallet/storage/adapter-conformance" time="0"/>
    <testcase name="wallet.storage.adapterconformance.17" classname="wallet/storage/adapter-conformance" time="0"/>
    <testcase name="wallet.storage.adapterconformance.18" classname="wallet/storage/adapter-conformance" time="0"/>
  </testsuite>
</testsuites>